{"/home/maya/dbwebb-kurser/jsramverk/backend/app.mjs":{"path":"/home/maya/dbwebb-kurser/jsramverk/backend/app.mjs","statementMap":{"0":{"start":{"line":3,"column":0},"end":{"line":5,"column":3}},"1":{"start":{"line":6,"column":0},"end":{"line":6,"column":28}},"2":{"start":{"line":7,"column":0},"end":{"line":7,"column":25}},"3":{"start":{"line":8,"column":15},"end":{"line":8,"column":57}},"4":{"start":{"line":9,"column":12},"end":{"line":9,"column":51}},"5":{"start":{"line":10,"column":14},"end":{"line":10,"column":55}},"6":{"start":{"line":11,"column":12},"end":{"line":11,"column":51}},"7":{"start":{"line":12,"column":12},"end":{"line":12,"column":57}},"8":{"start":{"line":13,"column":13},"end":{"line":13,"column":66}},"9":{"start":{"line":14,"column":12},"end":{"line":14,"column":64}},"10":{"start":{"line":15,"column":13},"end":{"line":15,"column":66}},"11":{"start":{"line":16,"column":12},"end":{"line":16,"column":64}},"12":{"start":{"line":17,"column":13},"end":{"line":17,"column":65}},"13":{"start":{"line":18,"column":16},"end":{"line":18,"column":36}},"14":{"start":{"line":19,"column":14},"end":{"line":19,"column":34}},"15":{"start":{"line":20,"column":37},"end":{"line":20,"column":85}},"16":{"start":{"line":21,"column":10},"end":{"line":21,"column":36}},"17":{"start":{"line":22,"column":17},"end":{"line":22,"column":49}},"18":{"start":{"line":24,"column":9},"end":{"line":30,"column":2}},"19":{"start":{"line":33,"column":0},"end":{"line":62,"column":3}},"20":{"start":{"line":34,"column":2},"end":{"line":34,"column":54}},"21":{"start":{"line":37,"column":2},"end":{"line":40,"column":5}},"22":{"start":{"line":38,"column":4},"end":{"line":38,"column":72}},"23":{"start":{"line":39,"column":4},"end":{"line":39,"column":22}},"24":{"start":{"line":43,"column":2},"end":{"line":48,"column":5}},"25":{"start":{"line":44,"column":4},"end":{"line":44,"column":54}},"26":{"start":{"line":46,"column":4},"end":{"line":46,"column":42}},"27":{"start":{"line":51,"column":2},"end":{"line":56,"column":5}},"28":{"start":{"line":52,"column":4},"end":{"line":52,"column":43}},"29":{"start":{"line":55,"column":4},"end":{"line":55,"column":43}},"30":{"start":{"line":59,"column":2},"end":{"line":61,"column":5}},"31":{"start":{"line":60,"column":4},"end":{"line":60,"column":43}},"32":{"start":{"line":65,"column":0},"end":{"line":65,"column":28}},"33":{"start":{"line":66,"column":0},"end":{"line":66,"column":30}},"34":{"start":{"line":67,"column":0},"end":{"line":67,"column":33}},"35":{"start":{"line":68,"column":0},"end":{"line":68,"column":87}},"36":{"start":{"line":71,"column":0},"end":{"line":73,"column":1}},"37":{"start":{"line":72,"column":2},"end":{"line":72,"column":47}},"38":{"start":{"line":74,"column":0},"end":{"line":74,"column":36}},"39":{"start":{"line":75,"column":0},"end":{"line":77,"column":4}},"40":{"start":{"line":80,"column":0},"end":{"line":80,"column":44}},"41":{"start":{"line":81,"column":0},"end":{"line":81,"column":37}},"42":{"start":{"line":82,"column":0},"end":{"line":82,"column":37}},"43":{"start":{"line":83,"column":0},"end":{"line":83,"column":35}},"44":{"start":{"line":84,"column":0},"end":{"line":84,"column":35}},"45":{"start":{"line":85,"column":0},"end":{"line":87,"column":3}},"46":{"start":{"line":86,"column":2},"end":{"line":86,"column":37}},"47":{"start":{"line":88,"column":0},"end":{"line":88,"column":26}},"48":{"start":{"line":91,"column":0},"end":{"line":93,"column":3}},"49":{"start":{"line":92,"column":2},"end":{"line":92,"column":68}},"50":{"start":{"line":94,"column":15},"end":{"line":94,"column":39}}},"fnMap":{"0":{"name":"_interopRequireDefault","decl":{"start":{"line":20,"column":9},"end":{"line":20,"column":31}},"loc":{"start":{"line":20,"column":35},"end":{"line":20,"column":87}},"line":20},"1":{"name":"(anonymous_1)","decl":{"start":{"line":33,"column":20},"end":{"line":33,"column":21}},"loc":{"start":{"line":33,"column":38},"end":{"line":62,"column":1}},"line":33},"2":{"name":"(anonymous_2)","decl":{"start":{"line":37,"column":22},"end":{"line":37,"column":23}},"loc":{"start":{"line":37,"column":38},"end":{"line":40,"column":3}},"line":37},"3":{"name":"(anonymous_3)","decl":{"start":{"line":43,"column":19},"end":{"line":43,"column":20}},"loc":{"start":{"line":43,"column":35},"end":{"line":48,"column":3}},"line":43},"4":{"name":"(anonymous_4)","decl":{"start":{"line":51,"column":23},"end":{"line":51,"column":24}},"loc":{"start":{"line":51,"column":39},"end":{"line":56,"column":3}},"line":51},"5":{"name":"(anonymous_5)","decl":{"start":{"line":59,"column":26},"end":{"line":59,"column":27}},"loc":{"start":{"line":59,"column":38},"end":{"line":61,"column":3}},"line":59},"6":{"name":"(anonymous_6)","decl":{"start":{"line":85,"column":13},"end":{"line":85,"column":14}},"loc":{"start":{"line":85,"column":33},"end":{"line":87,"column":1}},"line":85},"7":{"name":"(anonymous_7)","decl":{"start":{"line":91,"column":36},"end":{"line":91,"column":37}},"loc":{"start":{"line":91,"column":48},"end":{"line":93,"column":1}},"line":91}},"branchMap":{"0":{"loc":{"start":{"line":20,"column":44},"end":{"line":20,"column":84}},"type":"cond-expr","locations":[{"start":{"line":20,"column":64},"end":{"line":20,"column":65}},{"start":{"line":20,"column":68},"end":{"line":20,"column":84}}],"line":20},"1":{"loc":{"start":{"line":20,"column":44},"end":{"line":20,"column":61}},"type":"binary-expr","locations":[{"start":{"line":20,"column":44},"end":{"line":20,"column":45}},{"start":{"line":20,"column":49},"end":{"line":20,"column":61}}],"line":20},"2":{"loc":{"start":{"line":71,"column":0},"end":{"line":73,"column":1}},"type":"if","locations":[{"start":{"line":71,"column":0},"end":{"line":73,"column":1}},{"start":{"line":71,"column":0},"end":{"line":73,"column":1}}],"line":71}},"s":{"0":0,"1":0,"2":0,"3":0,"4":0,"5":0,"6":0,"7":0,"8":0,"9":0,"10":0,"11":0,"12":0,"13":0,"14":0,"15":0,"16":0,"17":0,"18":0,"19":0,"20":0,"21":0,"22":0,"23":0,"24":0,"25":0,"26":0,"27":0,"28":0,"29":0,"30":0,"31":0,"32":0,"33":0,"34":0,"35":0,"36":0,"37":0,"38":0,"39":0,"40":0,"41":0,"42":0,"43":0,"44":0,"45":0,"46":0,"47":0,"48":0,"49":0,"50":0},"f":{"0":0,"1":0,"2":0,"3":0,"4":0,"5":0,"6":0,"7":0},"b":{"0":[0,0],"1":[0,0],"2":[0,0]}},"/home/maya/dbwebb-kurser/jsramverk/backend/routes/auth.mjs":{"path":"/home/maya/dbwebb-kurser/jsramverk/backend/routes/auth.mjs","statementMap":{"0":{"start":{"line":3,"column":0},"end":{"line":5,"column":3}},"1":{"start":{"line":6,"column":0},"end":{"line":6,"column":28}},"2":{"start":{"line":7,"column":15},"end":{"line":7,"column":57}},"3":{"start":{"line":8,"column":12},"end":{"line":8,"column":65}},"4":{"start":{"line":9,"column":37},"end":{"line":9,"column":85}},"5":{"start":{"line":10,"column":13},"end":{"line":10,"column":41}},"6":{"start":{"line":11,"column":0},"end":{"line":17,"column":3}},"7":{"start":{"line":12,"column":13},"end":{"line":15,"column":3}},"8":{"start":{"line":16,"column":2},"end":{"line":16,"column":35}},"9":{"start":{"line":18,"column":0},"end":{"line":27,"column":3}},"10":{"start":{"line":19,"column":2},"end":{"line":21,"column":3}},"11":{"start":{"line":20,"column":4},"end":{"line":20,"column":62}},"12":{"start":{"line":22,"column":13},"end":{"line":25,"column":3}},"13":{"start":{"line":26,"column":2},"end":{"line":26,"column":42}},"14":{"start":{"line":28,"column":0},"end":{"line":35,"column":3}},"15":{"start":{"line":29,"column":13},"end":{"line":33,"column":3}},"16":{"start":{"line":34,"column":2},"end":{"line":34,"column":41}},"17":{"start":{"line":36,"column":0},"end":{"line":46,"column":3}},"18":{"start":{"line":37,"column":2},"end":{"line":39,"column":3}},"19":{"start":{"line":38,"column":4},"end":{"line":38,"column":54}},"20":{"start":{"line":40,"column":13},"end":{"line":44,"column":3}},"21":{"start":{"line":45,"column":2},"end":{"line":45,"column":41}},"22":{"start":{"line":47,"column":0},"end":{"line":49,"column":3}},"23":{"start":{"line":48,"column":2},"end":{"line":48,"column":47}},"24":{"start":{"line":50,"column":0},"end":{"line":52,"column":3}},"25":{"start":{"line":51,"column":2},"end":{"line":51,"column":50}},"26":{"start":{"line":53,"column":0},"end":{"line":55,"column":3}},"27":{"start":{"line":54,"column":2},"end":{"line":54,"column":38}},"28":{"start":{"line":56,"column":15},"end":{"line":56,"column":42}}},"fnMap":{"0":{"name":"_interopRequireDefault","decl":{"start":{"line":9,"column":9},"end":{"line":9,"column":31}},"loc":{"start":{"line":9,"column":35},"end":{"line":9,"column":87}},"line":9},"1":{"name":"(anonymous_1)","decl":{"start":{"line":11,"column":23},"end":{"line":11,"column":24}},"loc":{"start":{"line":11,"column":43},"end":{"line":17,"column":1}},"line":11},"2":{"name":"(anonymous_2)","decl":{"start":{"line":18,"column":37},"end":{"line":18,"column":38}},"loc":{"start":{"line":18,"column":57},"end":{"line":27,"column":1}},"line":18},"3":{"name":"(anonymous_3)","decl":{"start":{"line":28,"column":34},"end":{"line":28,"column":35}},"loc":{"start":{"line":28,"column":54},"end":{"line":35,"column":1}},"line":28},"4":{"name":"(anonymous_4)","decl":{"start":{"line":36,"column":35},"end":{"line":36,"column":36}},"loc":{"start":{"line":36,"column":55},"end":{"line":46,"column":1}},"line":36},"5":{"name":"(anonymous_5)","decl":{"start":{"line":47,"column":22},"end":{"line":47,"column":23}},"loc":{"start":{"line":47,"column":42},"end":{"line":49,"column":1}},"line":47},"6":{"name":"(anonymous_6)","decl":{"start":{"line":50,"column":25},"end":{"line":50,"column":26}},"loc":{"start":{"line":50,"column":45},"end":{"line":52,"column":1}},"line":50},"7":{"name":"(anonymous_7)","decl":{"start":{"line":53,"column":16},"end":{"line":53,"column":17}},"loc":{"start":{"line":53,"column":36},"end":{"line":55,"column":1}},"line":53}},"branchMap":{"0":{"loc":{"start":{"line":9,"column":44},"end":{"line":9,"column":84}},"type":"cond-expr","locations":[{"start":{"line":9,"column":64},"end":{"line":9,"column":65}},{"start":{"line":9,"column":68},"end":{"line":9,"column":84}}],"line":9},"1":{"loc":{"start":{"line":9,"column":44},"end":{"line":9,"column":61}},"type":"binary-expr","locations":[{"start":{"line":9,"column":44},"end":{"line":9,"column":45}},{"start":{"line":9,"column":49},"end":{"line":9,"column":61}}],"line":9},"2":{"loc":{"start":{"line":19,"column":2},"end":{"line":21,"column":3}},"type":"if","locations":[{"start":{"line":19,"column":2},"end":{"line":21,"column":3}},{"start":{"line":19,"column":2},"end":{"line":21,"column":3}}],"line":19},"3":{"loc":{"start":{"line":19,"column":6},"end":{"line":19,"column":47}},"type":"binary-expr","locations":[{"start":{"line":19,"column":6},"end":{"line":19,"column":19}},{"start":{"line":19,"column":23},"end":{"line":19,"column":47}}],"line":19},"4":{"loc":{"start":{"line":37,"column":2},"end":{"line":39,"column":3}},"type":"if","locations":[{"start":{"line":37,"column":2},"end":{"line":39,"column":3}},{"start":{"line":37,"column":2},"end":{"line":39,"column":3}}],"line":37},"5":{"loc":{"start":{"line":37,"column":6},"end":{"line":37,"column":98}},"type":"binary-expr","locations":[{"start":{"line":37,"column":6},"end":{"line":37,"column":20}},{"start":{"line":37,"column":24},"end":{"line":37,"column":39}},{"start":{"line":37,"column":43},"end":{"line":37,"column":68}},{"start":{"line":37,"column":72},"end":{"line":37,"column":98}}],"line":37}},"s":{"0":0,"1":0,"2":0,"3":0,"4":0,"5":0,"6":0,"7":0,"8":0,"9":0,"10":0,"11":0,"12":0,"13":0,"14":0,"15":0,"16":0,"17":0,"18":0,"19":0,"20":0,"21":0,"22":0,"23":0,"24":0,"25":0,"26":0,"27":0,"28":0},"f":{"0":0,"1":0,"2":0,"3":0,"4":0,"5":0,"6":0,"7":0},"b":{"0":[0,0],"1":[0,0],"2":[0,0],"3":[0,0],"4":[0,0],"5":[0,0,0,0]}},"/home/maya/dbwebb-kurser/jsramverk/backend/routes/authMiddleware.mjs":{"path":"/home/maya/dbwebb-kurser/jsramverk/backend/routes/authMiddleware.mjs","statementMap":{"0":{"start":{"line":3,"column":0},"end":{"line":5,"column":3}},"1":{"start":{"line":6,"column":0},"end":{"line":6,"column":28}},"2":{"start":{"line":7,"column":20},"end":{"line":7,"column":67}},"3":{"start":{"line":8,"column":37},"end":{"line":8,"column":85}},"4":{"start":{"line":12,"column":24},"end":{"line":23,"column":1}},"5":{"start":{"line":14,"column":14},"end":{"line":14,"column":129}},"6":{"start":{"line":15,"column":2},"end":{"line":15,"column":59}},"7":{"start":{"line":15,"column":14},"end":{"line":15,"column":59}},"8":{"start":{"line":17,"column":2},"end":{"line":22,"column":5}},"9":{"start":{"line":19,"column":4},"end":{"line":19,"column":63}},"10":{"start":{"line":19,"column":13},"end":{"line":19,"column":63}},"11":{"start":{"line":20,"column":4},"end":{"line":20,"column":20}},"12":{"start":{"line":21,"column":4},"end":{"line":21,"column":11}},"13":{"start":{"line":24,"column":15},"end":{"line":24,"column":53}}},"fnMap":{"0":{"name":"_interopRequireDefault","decl":{"start":{"line":8,"column":9},"end":{"line":8,"column":31}},"loc":{"start":{"line":8,"column":35},"end":{"line":8,"column":87}},"line":8},"1":{"name":"authenticateToken","decl":{"start":{"line":12,"column":33},"end":{"line":12,"column":50}},"loc":{"start":{"line":12,"column":67},"end":{"line":23,"column":1}},"line":12},"2":{"name":"(anonymous_2)","decl":{"start":{"line":17,"column":65},"end":{"line":17,"column":66}},"loc":{"start":{"line":17,"column":86},"end":{"line":22,"column":3}},"line":17}},"branchMap":{"0":{"loc":{"start":{"line":8,"column":44},"end":{"line":8,"column":84}},"type":"cond-expr","locations":[{"start":{"line":8,"column":64},"end":{"line":8,"column":65}},{"start":{"line":8,"column":68},"end":{"line":8,"column":84}}],"line":8},"1":{"loc":{"start":{"line":8,"column":44},"end":{"line":8,"column":61}},"type":"binary-expr","locations":[{"start":{"line":8,"column":44},"end":{"line":8,"column":45}},{"start":{"line":8,"column":49},"end":{"line":8,"column":61}}],"line":8},"2":{"loc":{"start":{"line":14,"column":14},"end":{"line":14,"column":129}},"type":"cond-expr","locations":[{"start":{"line":14,"column":95},"end":{"line":14,"column":101}},{"start":{"line":14,"column":104},"end":{"line":14,"column":129}}],"line":14},"3":{"loc":{"start":{"line":14,"column":14},"end":{"line":14,"column":92}},"type":"binary-expr","locations":[{"start":{"line":14,"column":14},"end":{"line":14,"column":66}},{"start":{"line":14,"column":70},"end":{"line":14,"column":92}}],"line":14},"4":{"loc":{"start":{"line":15,"column":2},"end":{"line":15,"column":59}},"type":"if","locations":[{"start":{"line":15,"column":2},"end":{"line":15,"column":59}},{"start":{"line":15,"column":2},"end":{"line":15,"column":59}}],"line":15},"5":{"loc":{"start":{"line":19,"column":4},"end":{"line":19,"column":63}},"type":"if","locations":[{"start":{"line":19,"column":4},"end":{"line":19,"column":63}},{"start":{"line":19,"column":4},"end":{"line":19,"column":63}}],"line":19}},"s":{"0":0,"1":0,"2":0,"3":0,"4":0,"5":0,"6":0,"7":0,"8":0,"9":0,"10":0,"11":0,"12":0,"13":0},"f":{"0":0,"1":0,"2":0},"b":{"0":[0,0],"1":[0,0],"2":[0,0],"3":[0,0],"4":[0,0],"5":[0,0]}},"/home/maya/dbwebb-kurser/jsramverk/backend/routes/data.mjs":{"path":"/home/maya/dbwebb-kurser/jsramverk/backend/routes/data.mjs","statementMap":{"0":{"start":{"line":3,"column":0},"end":{"line":5,"column":3}},"1":{"start":{"line":6,"column":0},"end":{"line":6,"column":28}},"2":{"start":{"line":7,"column":15},"end":{"line":7,"column":57}},"3":{"start":{"line":8,"column":12},"end":{"line":8,"column":65}},"4":{"start":{"line":9,"column":12},"end":{"line":9,"column":65}},"5":{"start":{"line":10,"column":37},"end":{"line":10,"column":85}},"6":{"start":{"line":11,"column":13},"end":{"line":11,"column":41}},"7":{"start":{"line":12,"column":0},"end":{"line":16,"column":3}},"8":{"start":{"line":13,"column":2},"end":{"line":13,"column":53}},"9":{"start":{"line":15,"column":2},"end":{"line":15,"column":54}},"10":{"start":{"line":17,"column":0},"end":{"line":21,"column":3}},"11":{"start":{"line":18,"column":2},"end":{"line":18,"column":53}},"12":{"start":{"line":20,"column":2},"end":{"line":20,"column":47}},"13":{"start":{"line":22,"column":0},"end":{"line":26,"column":3}},"14":{"start":{"line":23,"column":2},"end":{"line":23,"column":53}},"15":{"start":{"line":25,"column":2},"end":{"line":25,"column":47}},"16":{"start":{"line":27,"column":0},"end":{"line":31,"column":3}},"17":{"start":{"line":28,"column":2},"end":{"line":28,"column":53}},"18":{"start":{"line":30,"column":2},"end":{"line":30,"column":47}},"19":{"start":{"line":32,"column":15},"end":{"line":32,"column":42}}},"fnMap":{"0":{"name":"_interopRequireDefault","decl":{"start":{"line":10,"column":9},"end":{"line":10,"column":31}},"loc":{"start":{"line":10,"column":35},"end":{"line":10,"column":87}},"line":10},"1":{"name":"(anonymous_1)","decl":{"start":{"line":12,"column":16},"end":{"line":12,"column":17}},"loc":{"start":{"line":12,"column":42},"end":{"line":14,"column":1}},"line":12},"2":{"name":"(anonymous_2)","decl":{"start":{"line":14,"column":3},"end":{"line":14,"column":4}},"loc":{"start":{"line":14,"column":23},"end":{"line":16,"column":1}},"line":14},"3":{"name":"(anonymous_3)","decl":{"start":{"line":17,"column":17},"end":{"line":17,"column":18}},"loc":{"start":{"line":17,"column":43},"end":{"line":19,"column":1}},"line":17},"4":{"name":"(anonymous_4)","decl":{"start":{"line":19,"column":3},"end":{"line":19,"column":4}},"loc":{"start":{"line":19,"column":23},"end":{"line":21,"column":1}},"line":19},"5":{"name":"(anonymous_5)","decl":{"start":{"line":22,"column":16},"end":{"line":22,"column":17}},"loc":{"start":{"line":22,"column":42},"end":{"line":24,"column":1}},"line":22},"6":{"name":"(anonymous_6)","decl":{"start":{"line":24,"column":3},"end":{"line":24,"column":4}},"loc":{"start":{"line":24,"column":23},"end":{"line":26,"column":1}},"line":24},"7":{"name":"(anonymous_7)","decl":{"start":{"line":27,"column":22},"end":{"line":27,"column":23}},"loc":{"start":{"line":27,"column":48},"end":{"line":29,"column":1}},"line":27},"8":{"name":"(anonymous_8)","decl":{"start":{"line":29,"column":3},"end":{"line":29,"column":4}},"loc":{"start":{"line":29,"column":23},"end":{"line":31,"column":1}},"line":29}},"branchMap":{"0":{"loc":{"start":{"line":10,"column":44},"end":{"line":10,"column":84}},"type":"cond-expr","locations":[{"start":{"line":10,"column":64},"end":{"line":10,"column":65}},{"start":{"line":10,"column":68},"end":{"line":10,"column":84}}],"line":10},"1":{"loc":{"start":{"line":10,"column":44},"end":{"line":10,"column":61}},"type":"binary-expr","locations":[{"start":{"line":10,"column":44},"end":{"line":10,"column":45}},{"start":{"line":10,"column":49},"end":{"line":10,"column":61}}],"line":10}},"s":{"0":0,"1":0,"2":0,"3":0,"4":0,"5":0,"6":0,"7":0,"8":0,"9":0,"10":0,"11":0,"12":0,"13":0,"14":0,"15":0,"16":0,"17":0,"18":0,"19":0},"f":{"0":0,"1":0,"2":0,"3":0,"4":0,"5":0,"6":0,"7":0,"8":0},"b":{"0":[0,0],"1":[0,0]}},"/home/maya/dbwebb-kurser/jsramverk/backend/routes/posts copy.mjs":{"path":"/home/maya/dbwebb-kurser/jsramverk/backend/routes/posts copy.mjs","statementMap":{"0":{"start":{"line":3,"column":49},"end":{"line":3,"column":316}},"1":{"start":{"line":3,"column":149},"end":{"line":3,"column":165}},"2":{"start":{"line":3,"column":185},"end":{"line":3,"column":301}},"3":{"start":{"line":4,"column":0},"end":{"line":6,"column":3}},"4":{"start":{"line":7,"column":0},"end":{"line":7,"column":28}},"5":{"start":{"line":8,"column":15},"end":{"line":8,"column":57}},"6":{"start":{"line":9,"column":12},"end":{"line":9,"column":58}},"7":{"start":{"line":10,"column":16},"end":{"line":10,"column":60}},"8":{"start":{"line":11,"column":15},"end":{"line":11,"column":60}},"9":{"start":{"line":12,"column":37},"end":{"line":12,"column":85}},"10":{"start":{"line":13,"column":196},"end":{"line":13,"column":263}},"11":{"start":{"line":13,"column":251},"end":{"line":13,"column":260}},"12":{"start":{"line":13,"column":275},"end":{"line":13,"column":277}},"13":{"start":{"line":13,"column":283},"end":{"line":13,"column":299}},"14":{"start":{"line":13,"column":305},"end":{"line":13,"column":321}},"15":{"start":{"line":13,"column":327},"end":{"line":13,"column":390}},"16":{"start":{"line":13,"column":373},"end":{"line":13,"column":388}},"17":{"start":{"line":13,"column":396},"end":{"line":13,"column":437}},"18":{"start":{"line":13,"column":443},"end":{"line":13,"column":469}},"19":{"start":{"line":13,"column":475},"end":{"line":13,"column":511}},"20":{"start":{"line":13,"column":517},"end":{"line":13,"column":549}},"21":{"start":{"line":13,"column":578},"end":{"line":13,"column":681}},"22":{"start":{"line":13,"column":684},"end":{"line":13,"column":777}},"23":{"start":{"line":13,"column":690},"end":{"line":13,"column":705}},"24":{"start":{"line":13,"column":720},"end":{"line":13,"column":775}},"25":{"start":{"line":13,"column":756},"end":{"line":13,"column":772}},"26":{"start":{"line":13,"column":814},"end":{"line":13,"column":867}},"27":{"start":{"line":13,"column":873},"end":{"line":13,"column":899}},"28":{"start":{"line":13,"column":905},"end":{"line":13,"column":925}},"29":{"start":{"line":13,"column":927},"end":{"line":13,"column":991}},"30":{"start":{"line":13,"column":1023},"end":{"line":13,"column":1124}},"31":{"start":{"line":13,"column":1029},"end":{"line":13,"column":1074}},"32":{"start":{"line":13,"column":1089},"end":{"line":13,"column":1122}},"33":{"start":{"line":13,"column":1127},"end":{"line":13,"column":1141}},"34":{"start":{"line":13,"column":1150},"end":{"line":13,"column":1166}},"35":{"start":{"line":13,"column":1172},"end":{"line":13,"column":1188}},"36":{"start":{"line":13,"column":1194},"end":{"line":13,"column":1205}},"37":{"start":{"line":13,"column":1211},"end":{"line":13,"column":1222}},"38":{"start":{"line":13,"column":1228},"end":{"line":13,"column":1230}},"39":{"start":{"line":13,"column":1337},"end":{"line":13,"column":1339}},"40":{"start":{"line":13,"column":1341},"end":{"line":13,"column":1384}},"41":{"start":{"line":13,"column":1368},"end":{"line":13,"column":1380}},"42":{"start":{"line":13,"column":1393},"end":{"line":13,"column":1414}},"43":{"start":{"line":13,"column":1420},"end":{"line":13,"column":1441}},"44":{"start":{"line":13,"column":1443},"end":{"line":13,"column":1483}},"45":{"start":{"line":13,"column":1492},"end":{"line":13,"column":1569}},"46":{"start":{"line":13,"column":1607},"end":{"line":13,"column":1720}},"47":{"start":{"line":13,"column":1658},"end":{"line":13,"column":1716}},"48":{"start":{"line":13,"column":1686},"end":{"line":13,"column":1712}},"49":{"start":{"line":13,"column":1792},"end":{"line":13,"column":1812}},"50":{"start":{"line":13,"column":1814},"end":{"line":13,"column":2152}},"51":{"start":{"line":13,"column":1848},"end":{"line":13,"column":1853}},"52":{"start":{"line":13,"column":1859},"end":{"line":13,"column":1866}},"53":{"start":{"line":13,"column":1868},"end":{"line":13,"column":2150}},"54":{"start":{"line":13,"column":1970},"end":{"line":13,"column":1994}},"55":{"start":{"line":13,"column":2013},"end":{"line":13,"column":2038}},"56":{"start":{"line":13,"column":2077},"end":{"line":13,"column":2095}},"57":{"start":{"line":13,"column":2114},"end":{"line":13,"column":2146}},"58":{"start":{"line":13,"column":2153},"end":{"line":13,"column":2162}},"59":{"start":{"line":13,"column":2172},"end":{"line":13,"column":2435}},"60":{"start":{"line":13,"column":2263},"end":{"line":13,"column":2317}},"61":{"start":{"line":13,"column":2294},"end":{"line":13,"column":2313}},"62":{"start":{"line":13,"column":2320},"end":{"line":13,"column":2429}},"63":{"start":{"line":13,"column":2483},"end":{"line":13,"column":2484}},"64":{"start":{"line":13,"column":2486},"end":{"line":13,"column":3211}},"65":{"start":{"line":13,"column":2511},"end":{"line":13,"column":2568}},"66":{"start":{"line":13,"column":2524},"end":{"line":13,"column":2568}},"67":{"start":{"line":13,"column":2569},"end":{"line":13,"column":2644}},"68":{"start":{"line":13,"column":2584},"end":{"line":13,"column":2611}},"69":{"start":{"line":13,"column":2603},"end":{"line":13,"column":2611}},"70":{"start":{"line":13,"column":2612},"end":{"line":13,"column":2642}},"71":{"start":{"line":13,"column":2645},"end":{"line":13,"column":3208}},"72":{"start":{"line":13,"column":2687},"end":{"line":13,"column":2697}},"73":{"start":{"line":13,"column":2699},"end":{"line":13,"column":2788}},"74":{"start":{"line":13,"column":2716},"end":{"line":13,"column":2741}},"75":{"start":{"line":13,"column":2743},"end":{"line":13,"column":2786}},"76":{"start":{"line":13,"column":2752},"end":{"line":13,"column":2774}},"77":{"start":{"line":13,"column":2765},"end":{"line":13,"column":2774}},"78":{"start":{"line":13,"column":2775},"end":{"line":13,"column":2784}},"79":{"start":{"line":13,"column":2789},"end":{"line":13,"column":2991}},"80":{"start":{"line":13,"column":2814},"end":{"line":13,"column":2839}},"81":{"start":{"line":13,"column":2844},"end":{"line":13,"column":2991}},"82":{"start":{"line":13,"column":2872},"end":{"line":13,"column":2904}},"83":{"start":{"line":13,"column":2885},"end":{"line":13,"column":2904}},"84":{"start":{"line":13,"column":2905},"end":{"line":13,"column":2932}},"85":{"start":{"line":13,"column":2940},"end":{"line":13,"column":2991}},"86":{"start":{"line":13,"column":2992},"end":{"line":13,"column":2998}},"87":{"start":{"line":13,"column":3007},"end":{"line":13,"column":3024}},"88":{"start":{"line":13,"column":3026},"end":{"line":13,"column":3140}},"89":{"start":{"line":13,"column":3053},"end":{"line":13,"column":3099}},"90":{"start":{"line":13,"column":3090},"end":{"line":13,"column":3099}},"91":{"start":{"line":13,"column":3100},"end":{"line":13,"column":3138}},"92":{"start":{"line":13,"column":3141},"end":{"line":13,"column":3206}},"93":{"start":{"line":13,"column":3259},"end":{"line":13,"column":3267}},"94":{"start":{"line":13,"column":3273},"end":{"line":13,"column":3286}},"95":{"start":{"line":13,"column":3288},"end":{"line":13,"column":3572}},"96":{"start":{"line":13,"column":3301},"end":{"line":13,"column":3572}},"97":{"start":{"line":13,"column":3581},"end":{"line":13,"column":3611}},"98":{"start":{"line":13,"column":3613},"end":{"line":13,"column":3700}},"99":{"start":{"line":13,"column":3637},"end":{"line":13,"column":3700}},"100":{"start":{"line":13,"column":3709},"end":{"line":13,"column":3714}},"101":{"start":{"line":13,"column":3716},"end":{"line":13,"column":3971}},"102":{"start":{"line":13,"column":4009},"end":{"line":13,"column":4025}},"103":{"start":{"line":13,"column":4027},"end":{"line":13,"column":4134}},"104":{"start":{"line":13,"column":4173},"end":{"line":13,"column":4191}},"105":{"start":{"line":13,"column":4193},"end":{"line":13,"column":4243}},"106":{"start":{"line":13,"column":4268},"end":{"line":13,"column":4354}},"107":{"start":{"line":13,"column":4378},"end":{"line":13,"column":4699}},"108":{"start":{"line":13,"column":4407},"end":{"line":13,"column":4411}},"109":{"start":{"line":13,"column":4413},"end":{"line":13,"column":4437}},"110":{"start":{"line":13,"column":4420},"end":{"line":13,"column":4437}},"111":{"start":{"line":13,"column":4438},"end":{"line":13,"column":4480}},"112":{"start":{"line":13,"column":4471},"end":{"line":13,"column":4480}},"113":{"start":{"line":13,"column":4481},"end":{"line":13,"column":4697}},"114":{"start":{"line":13,"column":4513},"end":{"line":13,"column":4515}},"115":{"start":{"line":13,"column":4521},"end":{"line":13,"column":4675}},"116":{"start":{"line":13,"column":4539},"end":{"line":13,"column":4628}},"117":{"start":{"line":13,"column":4563},"end":{"line":13,"column":4628}},"118":{"start":{"line":13,"column":4581},"end":{"line":13,"column":4628}},"119":{"start":{"line":13,"column":4629},"end":{"line":13,"column":4673}},"120":{"start":{"line":13,"column":4677},"end":{"line":13,"column":4695}},"121":{"start":{"line":13,"column":4700},"end":{"line":13,"column":4753}},"122":{"start":{"line":13,"column":4756},"end":{"line":13,"column":9047}},"123":{"start":{"line":13,"column":5132},"end":{"line":13,"column":5171}},"124":{"start":{"line":13,"column":5173},"end":{"line":13,"column":5266}},"125":{"start":{"line":13,"column":5294},"end":{"line":13,"column":5493}},"126":{"start":{"line":13,"column":5522},"end":{"line":13,"column":5544}},"127":{"start":{"line":13,"column":5645},"end":{"line":13,"column":5657}},"128":{"start":{"line":13,"column":5732},"end":{"line":13,"column":5762}},"129":{"start":{"line":13,"column":5771},"end":{"line":13,"column":5809}},"130":{"start":{"line":13,"column":5811},"end":{"line":13,"column":5917}},"131":{"start":{"line":13,"column":5878},"end":{"line":13,"column":5913}},"132":{"start":{"line":13,"column":6001},"end":{"line":13,"column":6013}},"133":{"start":{"line":13,"column":6054},"end":{"line":13,"column":6082}},"134":{"start":{"line":13,"column":6119},"end":{"line":13,"column":6128}},"135":{"start":{"line":13,"column":6134},"end":{"line":13,"column":6136}},"136":{"start":{"line":13,"column":6138},"end":{"line":13,"column":6165}},"137":{"start":{"line":13,"column":6155},"end":{"line":13,"column":6165}},"138":{"start":{"line":13,"column":6166},"end":{"line":13,"column":6331}},"139":{"start":{"line":13,"column":6204},"end":{"line":13,"column":6299}},"140":{"start":{"line":13,"column":6232},"end":{"line":13,"column":6239}},"141":{"start":{"line":13,"column":6241},"end":{"line":13,"column":6297}},"142":{"start":{"line":13,"column":6253},"end":{"line":13,"column":6297}},"143":{"start":{"line":13,"column":6300},"end":{"line":13,"column":6328}},"144":{"start":{"line":13,"column":6425},"end":{"line":13,"column":6704}},"145":{"start":{"line":13,"column":6605},"end":{"line":13,"column":6704}},"146":{"start":{"line":13,"column":6625},"end":{"line":13,"column":6704}},"147":{"start":{"line":13,"column":6732},"end":{"line":13,"column":6747}},"148":{"start":{"line":13,"column":6756},"end":{"line":13,"column":6785}},"149":{"start":{"line":13,"column":6787},"end":{"line":13,"column":6823}},"150":{"start":{"line":13,"column":6811},"end":{"line":13,"column":6823}},"151":{"start":{"line":13,"column":6824},"end":{"line":13,"column":6841}},"152":{"start":{"line":13,"column":6896},"end":{"line":13,"column":6919}},"153":{"start":{"line":13,"column":6911},"end":{"line":13,"column":6919}},"154":{"start":{"line":13,"column":6928},"end":{"line":13,"column":6932}},"155":{"start":{"line":13,"column":6958},"end":{"line":13,"column":7047}},"156":{"start":{"line":13,"column":7050},"end":{"line":13,"column":7631}},"157":{"start":{"line":13,"column":7063},"end":{"line":13,"column":7089}},"158":{"start":{"line":13,"column":7114},"end":{"line":13,"column":7132}},"159":{"start":{"line":13,"column":7138},"end":{"line":13,"column":7150}},"160":{"start":{"line":13,"column":7152},"end":{"line":13,"column":7198}},"161":{"start":{"line":13,"column":7177},"end":{"line":13,"column":7198}},"162":{"start":{"line":13,"column":7199},"end":{"line":13,"column":7629}},"163":{"start":{"line":13,"column":7236},"end":{"line":13,"column":7257}},"164":{"start":{"line":13,"column":7263},"end":{"line":13,"column":7286}},"165":{"start":{"line":13,"column":7288},"end":{"line":13,"column":7627}},"166":{"start":{"line":13,"column":7302},"end":{"line":13,"column":7360}},"167":{"start":{"line":13,"column":7330},"end":{"line":13,"column":7360}},"168":{"start":{"line":13,"column":7361},"end":{"line":13,"column":7419}},"169":{"start":{"line":13,"column":7391},"end":{"line":13,"column":7419}},"170":{"start":{"line":13,"column":7427},"end":{"line":13,"column":7627}},"171":{"start":{"line":13,"column":7436},"end":{"line":13,"column":7494}},"172":{"start":{"line":13,"column":7464},"end":{"line":13,"column":7494}},"173":{"start":{"line":13,"column":7504},"end":{"line":13,"column":7566}},"174":{"start":{"line":13,"column":7512},"end":{"line":13,"column":7566}},"175":{"start":{"line":13,"column":7567},"end":{"line":13,"column":7625}},"176":{"start":{"line":13,"column":7597},"end":{"line":13,"column":7625}},"177":{"start":{"line":13,"column":7667},"end":{"line":13,"column":7856}},"178":{"start":{"line":13,"column":7680},"end":{"line":13,"column":7706}},"179":{"start":{"line":13,"column":7731},"end":{"line":13,"column":7749}},"180":{"start":{"line":13,"column":7751},"end":{"line":13,"column":7854}},"181":{"start":{"line":13,"column":7843},"end":{"line":13,"column":7844}},"182":{"start":{"line":13,"column":7846},"end":{"line":13,"column":7852}},"183":{"start":{"line":13,"column":7857},"end":{"line":13,"column":7950}},"184":{"start":{"line":13,"column":7959},"end":{"line":13,"column":7980}},"185":{"start":{"line":13,"column":7982},"end":{"line":13,"column":8087}},"186":{"start":{"line":13,"column":8127},"end":{"line":13,"column":8163}},"187":{"start":{"line":13,"column":8151},"end":{"line":13,"column":8163}},"188":{"start":{"line":13,"column":8164},"end":{"line":13,"column":8382}},"189":{"start":{"line":13,"column":8415},"end":{"line":13,"column":8593}},"190":{"start":{"line":13,"column":8428},"end":{"line":13,"column":8454}},"191":{"start":{"line":13,"column":8479},"end":{"line":13,"column":8497}},"192":{"start":{"line":13,"column":8499},"end":{"line":13,"column":8591}},"193":{"start":{"line":13,"column":8523},"end":{"line":13,"column":8591}},"194":{"start":{"line":13,"column":8627},"end":{"line":13,"column":8829}},"195":{"start":{"line":13,"column":8640},"end":{"line":13,"column":8666}},"196":{"start":{"line":13,"column":8691},"end":{"line":13,"column":8709}},"197":{"start":{"line":13,"column":8711},"end":{"line":13,"column":8827}},"198":{"start":{"line":13,"column":8741},"end":{"line":13,"column":8753}},"199":{"start":{"line":13,"column":8755},"end":{"line":13,"column":8815}},"200":{"start":{"line":13,"column":8789},"end":{"line":13,"column":8794}},"201":{"start":{"line":13,"column":8796},"end":{"line":13,"column":8813}},"202":{"start":{"line":13,"column":8816},"end":{"line":13,"column":8825}},"203":{"start":{"line":13,"column":8830},"end":{"line":13,"column":8867}},"204":{"start":{"line":13,"column":8920},"end":{"line":13,"column":9039}},"205":{"start":{"line":14,"column":51},"end":{"line":14,"column":120}},"206":{"start":{"line":14,"column":65},"end":{"line":14,"column":72}},"207":{"start":{"line":14,"column":78},"end":{"line":14,"column":85}},"208":{"start":{"line":14,"column":101},"end":{"line":14,"column":118}},"209":{"start":{"line":14,"column":121},"end":{"line":14,"column":167}},"210":{"start":{"line":15,"column":32},"end":{"line":15,"column":319}},"211":{"start":{"line":15,"column":61},"end":{"line":15,"column":65}},"212":{"start":{"line":15,"column":71},"end":{"line":15,"column":80}},"213":{"start":{"line":15,"column":82},"end":{"line":15,"column":316}},"214":{"start":{"line":15,"column":127},"end":{"line":15,"column":140}},"215":{"start":{"line":15,"column":162},"end":{"line":15,"column":216}},"216":{"start":{"line":15,"column":240},"end":{"line":15,"column":295}},"217":{"start":{"line":15,"column":298},"end":{"line":15,"column":312}},"218":{"start":{"line":16,"column":13},"end":{"line":16,"column":41}},"219":{"start":{"line":17,"column":14},"end":{"line":17,"column":59}},"220":{"start":{"line":18,"column":9},"end":{"line":21,"column":2}},"221":{"start":{"line":24,"column":0},"end":{"line":55,"column":5}},"222":{"start":{"line":25,"column":13},"end":{"line":51,"column":5}},"223":{"start":{"line":27,"column":4},"end":{"line":50,"column":32}},"224":{"start":{"line":28,"column":6},"end":{"line":49,"column":7}},"225":{"start":{"line":28,"column":16},"end":{"line":49,"column":7}},"226":{"start":{"line":30,"column":10},"end":{"line":30,"column":28}},"227":{"start":{"line":31,"column":10},"end":{"line":31,"column":28}},"228":{"start":{"line":32,"column":10},"end":{"line":32,"column":51}},"229":{"start":{"line":34,"column":10},"end":{"line":34,"column":33}},"230":{"start":{"line":35,"column":10},"end":{"line":35,"column":66}},"231":{"start":{"line":36,"column":10},"end":{"line":38,"column":14}},"232":{"start":{"line":40,"column":10},"end":{"line":40,"column":28}},"233":{"start":{"line":41,"column":10},"end":{"line":41,"column":45}},"234":{"start":{"line":42,"column":10},"end":{"line":42,"column":65}},"235":{"start":{"line":43,"column":10},"end":{"line":45,"column":14}},"236":{"start":{"line":48,"column":10},"end":{"line":48,"column":33}},"237":{"start":{"line":52,"column":2},"end":{"line":54,"column":4}},"238":{"start":{"line":53,"column":4},"end":{"line":53,"column":39}},"239":{"start":{"line":58,"column":0},"end":{"line":94,"column":5}},"240":{"start":{"line":59,"column":14},"end":{"line":90,"column":5}},"241":{"start":{"line":61,"column":4},"end":{"line":89,"column":33}},"242":{"start":{"line":62,"column":6},"end":{"line":88,"column":7}},"243":{"start":{"line":62,"column":16},"end":{"line":88,"column":7}},"244":{"start":{"line":64,"column":10},"end":{"line":64,"column":29}},"245":{"start":{"line":65,"column":10},"end":{"line":65,"column":29}},"246":{"start":{"line":66,"column":10},"end":{"line":66,"column":56}},"247":{"start":{"line":68,"column":10},"end":{"line":68,"column":31}},"248":{"start":{"line":69,"column":10},"end":{"line":72,"column":11}},"249":{"start":{"line":70,"column":12},"end":{"line":70,"column":31}},"250":{"start":{"line":71,"column":12},"end":{"line":71,"column":18}},"251":{"start":{"line":73,"column":10},"end":{"line":75,"column":14}},"252":{"start":{"line":77,"column":10},"end":{"line":77,"column":59}},"253":{"start":{"line":79,"column":10},"end":{"line":79,"column":29}},"254":{"start":{"line":80,"column":10},"end":{"line":80,"column":47}},"255":{"start":{"line":81,"column":10},"end":{"line":81,"column":66}},"256":{"start":{"line":82,"column":10},"end":{"line":84,"column":14}},"257":{"start":{"line":87,"column":10},"end":{"line":87,"column":34}},"258":{"start":{"line":91,"column":2},"end":{"line":93,"column":4}},"259":{"start":{"line":92,"column":4},"end":{"line":92,"column":40}},"260":{"start":{"line":97,"column":0},"end":{"line":117,"column":5}},"261":{"start":{"line":98,"column":14},"end":{"line":113,"column":5}},"262":{"start":{"line":100,"column":4},"end":{"line":112,"column":17}},"263":{"start":{"line":101,"column":6},"end":{"line":111,"column":7}},"264":{"start":{"line":101,"column":16},"end":{"line":111,"column":7}},"265":{"start":{"line":103,"column":10},"end":{"line":103,"column":29}},"266":{"start":{"line":104,"column":10},"end":{"line":104,"column":43}},"267":{"start":{"line":106,"column":10},"end":{"line":106,"column":32}},"268":{"start":{"line":107,"column":10},"end":{"line":107,"column":60}},"269":{"start":{"line":110,"column":10},"end":{"line":110,"column":34}},"270":{"start":{"line":114,"column":2},"end":{"line":116,"column":4}},"271":{"start":{"line":115,"column":4},"end":{"line":115,"column":40}},"272":{"start":{"line":120,"column":0},"end":{"line":163,"column":5}},"273":{"start":{"line":121,"column":14},"end":{"line":159,"column":5}},"274":{"start":{"line":123,"column":4},"end":{"line":158,"column":34}},"275":{"start":{"line":124,"column":6},"end":{"line":157,"column":7}},"276":{"start":{"line":124,"column":16},"end":{"line":157,"column":7}},"277":{"start":{"line":126,"column":10},"end":{"line":126,"column":129}},"278":{"start":{"line":127,"column":10},"end":{"line":127,"column":29}},"279":{"start":{"line":128,"column":10},"end":{"line":128,"column":29}},"280":{"start":{"line":129,"column":10},"end":{"line":133,"column":13}},"281":{"start":{"line":135,"column":10},"end":{"line":135,"column":34}},"282":{"start":{"line":136,"column":10},"end":{"line":139,"column":11}},"283":{"start":{"line":137,"column":12},"end":{"line":137,"column":31}},"284":{"start":{"line":138,"column":12},"end":{"line":138,"column":18}},"285":{"start":{"line":140,"column":10},"end":{"line":142,"column":14}},"286":{"start":{"line":144,"column":10},"end":{"line":146,"column":14}},"287":{"start":{"line":148,"column":10},"end":{"line":148,"column":30}},"288":{"start":{"line":149,"column":10},"end":{"line":149,"column":47}},"289":{"start":{"line":150,"column":10},"end":{"line":150,"column":66}},"290":{"start":{"line":151,"column":10},"end":{"line":153,"column":14}},"291":{"start":{"line":156,"column":10},"end":{"line":156,"column":34}},"292":{"start":{"line":160,"column":2},"end":{"line":162,"column":4}},"293":{"start":{"line":161,"column":4},"end":{"line":161,"column":40}},"294":{"start":{"line":164,"column":0},"end":{"line":190,"column":3}},"295":{"start":{"line":165,"column":19},"end":{"line":165,"column":27}},"296":{"start":{"line":166,"column":12},"end":{"line":166,"column":28}},"297":{"start":{"line":167,"column":12},"end":{"line":167,"column":28}},"298":{"start":{"line":168,"column":2},"end":{"line":168,"column":66}},"299":{"start":{"line":169,"column":2},"end":{"line":189,"column":5}},"300":{"start":{"line":176,"column":4},"end":{"line":176,"column":45}},"301":{"start":{"line":177,"column":4},"end":{"line":179,"column":7}},"302":{"start":{"line":181,"column":4},"end":{"line":181,"column":56}},"303":{"start":{"line":182,"column":4},"end":{"line":184,"column":5}},"304":{"start":{"line":183,"column":6},"end":{"line":183,"column":62}},"305":{"start":{"line":185,"column":4},"end":{"line":188,"column":7}},"306":{"start":{"line":193,"column":0},"end":{"line":230,"column":5}},"307":{"start":{"line":194,"column":14},"end":{"line":226,"column":5}},"308":{"start":{"line":196,"column":4},"end":{"line":225,"column":34}},"309":{"start":{"line":197,"column":6},"end":{"line":224,"column":7}},"310":{"start":{"line":197,"column":16},"end":{"line":224,"column":7}},"311":{"start":{"line":199,"column":10},"end":{"line":199,"column":154}},"312":{"start":{"line":200,"column":10},"end":{"line":203,"column":11}},"313":{"start":{"line":201,"column":12},"end":{"line":201,"column":31}},"314":{"start":{"line":202,"column":12},"end":{"line":202,"column":18}},"315":{"start":{"line":204,"column":10},"end":{"line":206,"column":14}},"316":{"start":{"line":208,"column":10},"end":{"line":208,"column":29}},"317":{"start":{"line":209,"column":10},"end":{"line":209,"column":29}},"318":{"start":{"line":210,"column":10},"end":{"line":210,"column":82}},"319":{"start":{"line":212,"column":10},"end":{"line":212,"column":34}},"320":{"start":{"line":213,"column":10},"end":{"line":213,"column":74}},"321":{"start":{"line":215,"column":10},"end":{"line":215,"column":30}},"322":{"start":{"line":216,"column":10},"end":{"line":216,"column":47}},"323":{"start":{"line":217,"column":10},"end":{"line":217,"column":63}},"324":{"start":{"line":218,"column":10},"end":{"line":220,"column":14}},"325":{"start":{"line":223,"column":10},"end":{"line":223,"column":34}},"326":{"start":{"line":227,"column":2},"end":{"line":229,"column":4}},"327":{"start":{"line":228,"column":4},"end":{"line":228,"column":40}},"328":{"start":{"line":233,"column":0},"end":{"line":270,"column":5}},"329":{"start":{"line":234,"column":14},"end":{"line":266,"column":5}},"330":{"start":{"line":236,"column":4},"end":{"line":265,"column":34}},"331":{"start":{"line":237,"column":6},"end":{"line":264,"column":7}},"332":{"start":{"line":237,"column":16},"end":{"line":264,"column":7}},"333":{"start":{"line":239,"column":10},"end":{"line":239,"column":29}},"334":{"start":{"line":240,"column":10},"end":{"line":240,"column":29}},"335":{"start":{"line":241,"column":10},"end":{"line":241,"column":29}},"336":{"start":{"line":242,"column":10},"end":{"line":242,"column":50}},"337":{"start":{"line":244,"column":10},"end":{"line":244,"column":36}},"338":{"start":{"line":245,"column":10},"end":{"line":248,"column":11}},"339":{"start":{"line":246,"column":12},"end":{"line":246,"column":31}},"340":{"start":{"line":247,"column":12},"end":{"line":247,"column":18}},"341":{"start":{"line":249,"column":10},"end":{"line":251,"column":14}},"342":{"start":{"line":253,"column":10},"end":{"line":253,"column":64}},"343":{"start":{"line":255,"column":10},"end":{"line":255,"column":30}},"344":{"start":{"line":256,"column":10},"end":{"line":256,"column":47}},"345":{"start":{"line":257,"column":10},"end":{"line":257,"column":66}},"346":{"start":{"line":258,"column":10},"end":{"line":260,"column":14}},"347":{"start":{"line":263,"column":10},"end":{"line":263,"column":34}},"348":{"start":{"line":267,"column":2},"end":{"line":269,"column":4}},"349":{"start":{"line":268,"column":4},"end":{"line":268,"column":40}},"350":{"start":{"line":271,"column":15},"end":{"line":271,"column":42}}},"fnMap":{"0":{"name":"_typeof","decl":{"start":{"line":3,"column":9},"end":{"line":3,"column":16}},"loc":{"start":{"line":3,"column":20},"end":{"line":3,"column":318}},"line":3},"1":{"name":"(anonymous_1)","decl":{"start":{"line":3,"column":134},"end":{"line":3,"column":135}},"loc":{"start":{"line":3,"column":147},"end":{"line":3,"column":167}},"line":3},"2":{"name":"(anonymous_2)","decl":{"start":{"line":3,"column":170},"end":{"line":3,"column":171}},"loc":{"start":{"line":3,"column":183},"end":{"line":3,"column":303}},"line":3},"3":{"name":"_interopRequireDefault","decl":{"start":{"line":12,"column":9},"end":{"line":12,"column":31}},"loc":{"start":{"line":12,"column":35},"end":{"line":12,"column":87}},"line":12},"4":{"name":"_regeneratorRuntime","decl":{"start":{"line":13,"column":9},"end":{"line":13,"column":28}},"loc":{"start":{"line":13,"column":31},"end":{"line":13,"column":9049}},"line":13},"5":{"name":"_regeneratorRuntime","decl":{"start":{"line":13,"column":227},"end":{"line":13,"column":246}},"loc":{"start":{"line":13,"column":249},"end":{"line":13,"column":262}},"line":13},"6":{"name":"(anonymous_6)","decl":{"start":{"line":13,"column":352},"end":{"line":13,"column":353}},"loc":{"start":{"line":13,"column":371},"end":{"line":13,"column":390}},"line":13},"7":{"name":"define","decl":{"start":{"line":13,"column":560},"end":{"line":13,"column":566}},"loc":{"start":{"line":13,"column":576},"end":{"line":13,"column":683}},"line":13},"8":{"name":"define","decl":{"start":{"line":13,"column":738},"end":{"line":13,"column":744}},"loc":{"start":{"line":13,"column":754},"end":{"line":13,"column":774}},"line":13},"9":{"name":"wrap","decl":{"start":{"line":13,"column":787},"end":{"line":13,"column":791}},"loc":{"start":{"line":13,"column":804},"end":{"line":13,"column":993}},"line":13},"10":{"name":"tryCatch","decl":{"start":{"line":13,"column":1003},"end":{"line":13,"column":1011}},"loc":{"start":{"line":13,"column":1021},"end":{"line":13,"column":1126}},"line":13},"11":{"name":"Generator","decl":{"start":{"line":13,"column":1241},"end":{"line":13,"column":1250}},"loc":{"start":{"line":13,"column":1253},"end":{"line":13,"column":1255}},"line":13},"12":{"name":"GeneratorFunction","decl":{"start":{"line":13,"column":1265},"end":{"line":13,"column":1282}},"loc":{"start":{"line":13,"column":1285},"end":{"line":13,"column":1287}},"line":13},"13":{"name":"GeneratorFunctionPrototype","decl":{"start":{"line":13,"column":1297},"end":{"line":13,"column":1323}},"loc":{"start":{"line":13,"column":1326},"end":{"line":13,"column":1328}},"line":13},"14":{"name":"(anonymous_14)","decl":{"start":{"line":13,"column":1354},"end":{"line":13,"column":1355}},"loc":{"start":{"line":13,"column":1366},"end":{"line":13,"column":1382}},"line":13},"15":{"name":"defineIteratorMethods","decl":{"start":{"line":13,"column":1580},"end":{"line":13,"column":1601}},"loc":{"start":{"line":13,"column":1605},"end":{"line":13,"column":1722}},"line":13},"16":{"name":"(anonymous_16)","decl":{"start":{"line":13,"column":1643},"end":{"line":13,"column":1644}},"loc":{"start":{"line":13,"column":1656},"end":{"line":13,"column":1718}},"line":13},"17":{"name":"(anonymous_17)","decl":{"start":{"line":13,"column":1671},"end":{"line":13,"column":1672}},"loc":{"start":{"line":13,"column":1684},"end":{"line":13,"column":1714}},"line":13},"18":{"name":"AsyncIterator","decl":{"start":{"line":13,"column":1732},"end":{"line":13,"column":1745}},"loc":{"start":{"line":13,"column":1752},"end":{"line":13,"column":2437}},"line":13},"19":{"name":"invoke","decl":{"start":{"line":13,"column":1763},"end":{"line":13,"column":1769}},"loc":{"start":{"line":13,"column":1782},"end":{"line":13,"column":2164}},"line":13},"20":{"name":"(anonymous_20)","decl":{"start":{"line":13,"column":1955},"end":{"line":13,"column":1956}},"loc":{"start":{"line":13,"column":1968},"end":{"line":13,"column":1996}},"line":13},"21":{"name":"(anonymous_21)","decl":{"start":{"line":13,"column":1998},"end":{"line":13,"column":1999}},"loc":{"start":{"line":13,"column":2011},"end":{"line":13,"column":2040}},"line":13},"22":{"name":"(anonymous_22)","decl":{"start":{"line":13,"column":2062},"end":{"line":13,"column":2063}},"loc":{"start":{"line":13,"column":2075},"end":{"line":13,"column":2097}},"line":13},"23":{"name":"(anonymous_23)","decl":{"start":{"line":13,"column":2099},"end":{"line":13,"column":2100}},"loc":{"start":{"line":13,"column":2112},"end":{"line":13,"column":2148}},"line":13},"24":{"name":"value","decl":{"start":{"line":13,"column":2209},"end":{"line":13,"column":2214}},"loc":{"start":{"line":13,"column":2221},"end":{"line":13,"column":2431}},"line":13},"25":{"name":"callInvokeWithMethodAndArg","decl":{"start":{"line":13,"column":2232},"end":{"line":13,"column":2258}},"loc":{"start":{"line":13,"column":2261},"end":{"line":13,"column":2319}},"line":13},"26":{"name":"(anonymous_26)","decl":{"start":{"line":13,"column":2276},"end":{"line":13,"column":2277}},"loc":{"start":{"line":13,"column":2292},"end":{"line":13,"column":2315}},"line":13},"27":{"name":"makeInvokeMethod","decl":{"start":{"line":13,"column":2447},"end":{"line":13,"column":2463}},"loc":{"start":{"line":13,"column":2473},"end":{"line":13,"column":3213}},"line":13},"28":{"name":"(anonymous_28)","decl":{"start":{"line":13,"column":2493},"end":{"line":13,"column":2494}},"loc":{"start":{"line":13,"column":2509},"end":{"line":13,"column":3210}},"line":13},"29":{"name":"maybeInvokeDelegate","decl":{"start":{"line":13,"column":3223},"end":{"line":13,"column":3242}},"loc":{"start":{"line":13,"column":3249},"end":{"line":13,"column":3973}},"line":13},"30":{"name":"pushTryEntry","decl":{"start":{"line":13,"column":3983},"end":{"line":13,"column":3995}},"loc":{"start":{"line":13,"column":3999},"end":{"line":13,"column":4136}},"line":13},"31":{"name":"resetTryEntry","decl":{"start":{"line":13,"column":4146},"end":{"line":13,"column":4159}},"loc":{"start":{"line":13,"column":4163},"end":{"line":13,"column":4245}},"line":13},"32":{"name":"Context","decl":{"start":{"line":13,"column":4255},"end":{"line":13,"column":4262}},"loc":{"start":{"line":13,"column":4266},"end":{"line":13,"column":4356}},"line":13},"33":{"name":"values","decl":{"start":{"line":13,"column":4366},"end":{"line":13,"column":4372}},"loc":{"start":{"line":13,"column":4376},"end":{"line":13,"column":4755}},"line":13},"34":{"name":"next","decl":{"start":{"line":13,"column":4530},"end":{"line":13,"column":4534}},"loc":{"start":{"line":13,"column":4537},"end":{"line":13,"column":4675}},"line":13},"35":{"name":"(anonymous_35)","decl":{"start":{"line":13,"column":5109},"end":{"line":13,"column":5110}},"loc":{"start":{"line":13,"column":5122},"end":{"line":13,"column":5268}},"line":13},"36":{"name":"(anonymous_36)","decl":{"start":{"line":13,"column":5279},"end":{"line":13,"column":5280}},"loc":{"start":{"line":13,"column":5292},"end":{"line":13,"column":5495}},"line":13},"37":{"name":"(anonymous_37)","decl":{"start":{"line":13,"column":5507},"end":{"line":13,"column":5508}},"loc":{"start":{"line":13,"column":5520},"end":{"line":13,"column":5546}},"line":13},"38":{"name":"(anonymous_38)","decl":{"start":{"line":13,"column":5631},"end":{"line":13,"column":5632}},"loc":{"start":{"line":13,"column":5643},"end":{"line":13,"column":5659}},"line":13},"39":{"name":"(anonymous_39)","decl":{"start":{"line":13,"column":5705},"end":{"line":13,"column":5706}},"loc":{"start":{"line":13,"column":5730},"end":{"line":13,"column":5919}},"line":13},"40":{"name":"(anonymous_40)","decl":{"start":{"line":13,"column":5863},"end":{"line":13,"column":5864}},"loc":{"start":{"line":13,"column":5876},"end":{"line":13,"column":5915}},"line":13},"41":{"name":"(anonymous_41)","decl":{"start":{"line":13,"column":5987},"end":{"line":13,"column":5988}},"loc":{"start":{"line":13,"column":5999},"end":{"line":13,"column":6015}},"line":13},"42":{"name":"(anonymous_42)","decl":{"start":{"line":13,"column":6040},"end":{"line":13,"column":6041}},"loc":{"start":{"line":13,"column":6052},"end":{"line":13,"column":6084}},"line":13},"43":{"name":"(anonymous_43)","decl":{"start":{"line":13,"column":6096},"end":{"line":13,"column":6097}},"loc":{"start":{"line":13,"column":6109},"end":{"line":13,"column":6333}},"line":13},"44":{"name":"next","decl":{"start":{"line":13,"column":6195},"end":{"line":13,"column":6199}},"loc":{"start":{"line":13,"column":6202},"end":{"line":13,"column":6330}},"line":13},"45":{"name":"reset","decl":{"start":{"line":13,"column":6414},"end":{"line":13,"column":6419}},"loc":{"start":{"line":13,"column":6423},"end":{"line":13,"column":6706}},"line":13},"46":{"name":"stop","decl":{"start":{"line":13,"column":6723},"end":{"line":13,"column":6727}},"loc":{"start":{"line":13,"column":6730},"end":{"line":13,"column":6843}},"line":13},"47":{"name":"dispatchException","decl":{"start":{"line":13,"column":6873},"end":{"line":13,"column":6890}},"loc":{"start":{"line":13,"column":6894},"end":{"line":13,"column":7633}},"line":13},"48":{"name":"handle","decl":{"start":{"line":13,"column":6943},"end":{"line":13,"column":6949}},"loc":{"start":{"line":13,"column":6956},"end":{"line":13,"column":7049}},"line":13},"49":{"name":"abrupt","decl":{"start":{"line":13,"column":7652},"end":{"line":13,"column":7658}},"loc":{"start":{"line":13,"column":7665},"end":{"line":13,"column":8089}},"line":13},"50":{"name":"complete","decl":{"start":{"line":13,"column":8110},"end":{"line":13,"column":8118}},"loc":{"start":{"line":13,"column":8125},"end":{"line":13,"column":8384}},"line":13},"51":{"name":"finish","decl":{"start":{"line":13,"column":8403},"end":{"line":13,"column":8409}},"loc":{"start":{"line":13,"column":8413},"end":{"line":13,"column":8595}},"line":13},"52":{"name":"_catch","decl":{"start":{"line":13,"column":8615},"end":{"line":13,"column":8621}},"loc":{"start":{"line":13,"column":8625},"end":{"line":13,"column":8869}},"line":13},"53":{"name":"delegateYield","decl":{"start":{"line":13,"column":8895},"end":{"line":13,"column":8908}},"loc":{"start":{"line":13,"column":8918},"end":{"line":13,"column":9041}},"line":13},"54":{"name":"asyncGeneratorStep","decl":{"start":{"line":14,"column":9},"end":{"line":14,"column":27}},"loc":{"start":{"line":14,"column":49},"end":{"line":14,"column":169}},"line":14},"55":{"name":"_asyncToGenerator","decl":{"start":{"line":15,"column":9},"end":{"line":15,"column":26}},"loc":{"start":{"line":15,"column":30},"end":{"line":15,"column":321}},"line":15},"56":{"name":"(anonymous_56)","decl":{"start":{"line":15,"column":39},"end":{"line":15,"column":40}},"loc":{"start":{"line":15,"column":51},"end":{"line":15,"column":318}},"line":15},"57":{"name":"(anonymous_57)","decl":{"start":{"line":15,"column":101},"end":{"line":15,"column":102}},"loc":{"start":{"line":15,"column":117},"end":{"line":15,"column":314}},"line":15},"58":{"name":"_next","decl":{"start":{"line":15,"column":151},"end":{"line":15,"column":156}},"loc":{"start":{"line":15,"column":160},"end":{"line":15,"column":218}},"line":15},"59":{"name":"_throw","decl":{"start":{"line":15,"column":228},"end":{"line":15,"column":234}},"loc":{"start":{"line":15,"column":238},"end":{"line":15,"column":297}},"line":15},"60":{"name":"(anonymous_60)","decl":{"start":{"line":24,"column":30},"end":{"line":24,"column":31}},"loc":{"start":{"line":24,"column":42},"end":{"line":55,"column":1}},"line":24},"61":{"name":"_callee","decl":{"start":{"line":25,"column":80},"end":{"line":25,"column":87}},"loc":{"start":{"line":25,"column":98},"end":{"line":51,"column":3}},"line":25},"62":{"name":"_callee$","decl":{"start":{"line":27,"column":47},"end":{"line":27,"column":55}},"loc":{"start":{"line":27,"column":66},"end":{"line":50,"column":5}},"line":27},"63":{"name":"(anonymous_63)","decl":{"start":{"line":52,"column":9},"end":{"line":52,"column":10}},"loc":{"start":{"line":52,"column":28},"end":{"line":54,"column":3}},"line":52},"64":{"name":"(anonymous_64)","decl":{"start":{"line":58,"column":32},"end":{"line":58,"column":33}},"loc":{"start":{"line":58,"column":44},"end":{"line":94,"column":1}},"line":58},"65":{"name":"_callee2","decl":{"start":{"line":59,"column":81},"end":{"line":59,"column":89}},"loc":{"start":{"line":59,"column":100},"end":{"line":90,"column":3}},"line":59},"66":{"name":"_callee2$","decl":{"start":{"line":61,"column":47},"end":{"line":61,"column":56}},"loc":{"start":{"line":61,"column":68},"end":{"line":89,"column":5}},"line":61},"67":{"name":"(anonymous_67)","decl":{"start":{"line":91,"column":9},"end":{"line":91,"column":10}},"loc":{"start":{"line":91,"column":29},"end":{"line":93,"column":3}},"line":91},"68":{"name":"(anonymous_68)","decl":{"start":{"line":97,"column":29},"end":{"line":97,"column":30}},"loc":{"start":{"line":97,"column":41},"end":{"line":117,"column":1}},"line":97},"69":{"name":"_callee3","decl":{"start":{"line":98,"column":81},"end":{"line":98,"column":89}},"loc":{"start":{"line":98,"column":100},"end":{"line":113,"column":3}},"line":98},"70":{"name":"_callee3$","decl":{"start":{"line":100,"column":47},"end":{"line":100,"column":56}},"loc":{"start":{"line":100,"column":68},"end":{"line":112,"column":5}},"line":100},"71":{"name":"(anonymous_71)","decl":{"start":{"line":114,"column":9},"end":{"line":114,"column":10}},"loc":{"start":{"line":114,"column":29},"end":{"line":116,"column":3}},"line":114},"72":{"name":"(anonymous_72)","decl":{"start":{"line":120,"column":36},"end":{"line":120,"column":37}},"loc":{"start":{"line":120,"column":48},"end":{"line":163,"column":1}},"line":120},"73":{"name":"_callee4","decl":{"start":{"line":121,"column":81},"end":{"line":121,"column":89}},"loc":{"start":{"line":121,"column":100},"end":{"line":159,"column":3}},"line":121},"74":{"name":"_callee4$","decl":{"start":{"line":123,"column":47},"end":{"line":123,"column":56}},"loc":{"start":{"line":123,"column":68},"end":{"line":158,"column":5}},"line":123},"75":{"name":"(anonymous_75)","decl":{"start":{"line":160,"column":9},"end":{"line":160,"column":10}},"loc":{"start":{"line":160,"column":29},"end":{"line":162,"column":3}},"line":160},"76":{"name":"(anonymous_76)","decl":{"start":{"line":164,"column":22},"end":{"line":164,"column":23}},"loc":{"start":{"line":164,"column":42},"end":{"line":190,"column":1}},"line":164},"77":{"name":"(anonymous_77)","decl":{"start":{"line":175,"column":10},"end":{"line":175,"column":11}},"loc":{"start":{"line":175,"column":30},"end":{"line":180,"column":3}},"line":175},"78":{"name":"(anonymous_78)","decl":{"start":{"line":180,"column":14},"end":{"line":180,"column":15}},"loc":{"start":{"line":180,"column":31},"end":{"line":189,"column":3}},"line":180},"79":{"name":"(anonymous_79)","decl":{"start":{"line":193,"column":37},"end":{"line":193,"column":38}},"loc":{"start":{"line":193,"column":49},"end":{"line":230,"column":1}},"line":193},"80":{"name":"_callee5","decl":{"start":{"line":194,"column":81},"end":{"line":194,"column":89}},"loc":{"start":{"line":194,"column":100},"end":{"line":226,"column":3}},"line":194},"81":{"name":"_callee5$","decl":{"start":{"line":196,"column":47},"end":{"line":196,"column":56}},"loc":{"start":{"line":196,"column":68},"end":{"line":225,"column":5}},"line":196},"82":{"name":"(anonymous_82)","decl":{"start":{"line":227,"column":9},"end":{"line":227,"column":10}},"loc":{"start":{"line":227,"column":30},"end":{"line":229,"column":3}},"line":227},"83":{"name":"(anonymous_83)","decl":{"start":{"line":233,"column":41},"end":{"line":233,"column":42}},"loc":{"start":{"line":233,"column":53},"end":{"line":270,"column":1}},"line":233},"84":{"name":"_callee6","decl":{"start":{"line":234,"column":81},"end":{"line":234,"column":89}},"loc":{"start":{"line":234,"column":100},"end":{"line":266,"column":3}},"line":234},"85":{"name":"_callee6$","decl":{"start":{"line":236,"column":47},"end":{"line":236,"column":56}},"loc":{"start":{"line":236,"column":68},"end":{"line":265,"column":5}},"line":236},"86":{"name":"(anonymous_86)","decl":{"start":{"line":267,"column":9},"end":{"line":267,"column":10}},"loc":{"start":{"line":267,"column":31},"end":{"line":269,"column":3}},"line":267}},"branchMap":{"0":{"loc":{"start":{"line":3,"column":66},"end":{"line":3,"column":303}},"type":"cond-expr","locations":[{"start":{"line":3,"column":134},"end":{"line":3,"column":167}},{"start":{"line":3,"column":170},"end":{"line":3,"column":303}}],"line":3},"1":{"loc":{"start":{"line":3,"column":66},"end":{"line":3,"column":131}},"type":"binary-expr","locations":[{"start":{"line":3,"column":66},"end":{"line":3,"column":93}},{"start":{"line":3,"column":97},"end":{"line":3,"column":131}}],"line":3},"2":{"loc":{"start":{"line":3,"column":192},"end":{"line":3,"column":300}},"type":"cond-expr","locations":[{"start":{"line":3,"column":281},"end":{"line":3,"column":289}},{"start":{"line":3,"column":292},"end":{"line":3,"column":300}}],"line":3},"3":{"loc":{"start":{"line":3,"column":192},"end":{"line":3,"column":278}},"type":"binary-expr","locations":[{"start":{"line":3,"column":192},"end":{"line":3,"column":193}},{"start":{"line":3,"column":197},"end":{"line":3,"column":224}},{"start":{"line":3,"column":228},"end":{"line":3,"column":252}},{"start":{"line":3,"column":256},"end":{"line":3,"column":278}}],"line":3},"4":{"loc":{"start":{"line":12,"column":44},"end":{"line":12,"column":84}},"type":"cond-expr","locations":[{"start":{"line":12,"column":64},"end":{"line":12,"column":65}},{"start":{"line":12,"column":68},"end":{"line":12,"column":84}}],"line":12},"5":{"loc":{"start":{"line":12,"column":44},"end":{"line":12,"column":61}},"type":"binary-expr","locations":[{"start":{"line":12,"column":44},"end":{"line":12,"column":45}},{"start":{"line":12,"column":49},"end":{"line":12,"column":61}}],"line":12},"6":{"loc":{"start":{"line":13,"column":327},"end":{"line":13,"column":390}},"type":"binary-expr","locations":[{"start":{"line":13,"column":327},"end":{"line":13,"column":348}},{"start":{"line":13,"column":352},"end":{"line":13,"column":390}}],"line":13},"7":{"loc":{"start":{"line":13,"column":396},"end":{"line":13,"column":437}},"type":"cond-expr","locations":[{"start":{"line":13,"column":426},"end":{"line":13,"column":432}},{"start":{"line":13,"column":435},"end":{"line":13,"column":437}}],"line":13},"8":{"loc":{"start":{"line":13,"column":443},"end":{"line":13,"column":469}},"type":"binary-expr","locations":[{"start":{"line":13,"column":443},"end":{"line":13,"column":453}},{"start":{"line":13,"column":457},"end":{"line":13,"column":469}}],"line":13},"9":{"loc":{"start":{"line":13,"column":475},"end":{"line":13,"column":511}},"type":"binary-expr","locations":[{"start":{"line":13,"column":475},"end":{"line":13,"column":490}},{"start":{"line":13,"column":494},"end":{"line":13,"column":511}}],"line":13},"10":{"loc":{"start":{"line":13,"column":517},"end":{"line":13,"column":549}},"type":"binary-expr","locations":[{"start":{"line":13,"column":517},"end":{"line":13,"column":530}},{"start":{"line":13,"column":534},"end":{"line":13,"column":549}}],"line":13},"11":{"loc":{"start":{"line":13,"column":814},"end":{"line":13,"column":867}},"type":"cond-expr","locations":[{"start":{"line":13,"column":854},"end":{"line":13,"column":855}},{"start":{"line":13,"column":858},"end":{"line":13,"column":867}}],"line":13},"12":{"loc":{"start":{"line":13,"column":814},"end":{"line":13,"column":851}},"type":"binary-expr","locations":[{"start":{"line":13,"column":814},"end":{"line":13,"column":815}},{"start":{"line":13,"column":819},"end":{"line":13,"column":851}}],"line":13},"13":{"loc":{"start":{"line":13,"column":917},"end":{"line":13,"column":924}},"type":"binary-expr","locations":[{"start":{"line":13,"column":917},"end":{"line":13,"column":918}},{"start":{"line":13,"column":922},"end":{"line":13,"column":924}}],"line":13},"14":{"loc":{"start":{"line":13,"column":1420},"end":{"line":13,"column":1441}},"type":"binary-expr","locations":[{"start":{"line":13,"column":1420},"end":{"line":13,"column":1421}},{"start":{"line":13,"column":1425},"end":{"line":13,"column":1441}}],"line":13},"15":{"loc":{"start":{"line":13,"column":1443},"end":{"line":13,"column":1482}},"type":"binary-expr","locations":[{"start":{"line":13,"column":1443},"end":{"line":13,"column":1444}},{"start":{"line":13,"column":1448},"end":{"line":13,"column":1455}},{"start":{"line":13,"column":1459},"end":{"line":13,"column":1471}},{"start":{"line":13,"column":1476},"end":{"line":13,"column":1481}}],"line":13},"16":{"loc":{"start":{"line":13,"column":1814},"end":{"line":13,"column":2152}},"type":"if","locations":[{"start":{"line":13,"column":1814},"end":{"line":13,"column":2152}},{"start":{"line":13,"column":1814},"end":{"line":13,"column":2152}}],"line":13},"17":{"loc":{"start":{"line":13,"column":1875},"end":{"line":13,"column":2149}},"type":"cond-expr","locations":[{"start":{"line":13,"column":1929},"end":{"line":13,"column":2041}},{"start":{"line":13,"column":2044},"end":{"line":13,"column":2149}}],"line":13},"18":{"loc":{"start":{"line":13,"column":1875},"end":{"line":13,"column":1926}},"type":"binary-expr","locations":[{"start":{"line":13,"column":1875},"end":{"line":13,"column":1876}},{"start":{"line":13,"column":1880},"end":{"line":13,"column":1902}},{"start":{"line":13,"column":1906},"end":{"line":13,"column":1926}}],"line":13},"19":{"loc":{"start":{"line":13,"column":2331},"end":{"line":13,"column":2428}},"type":"cond-expr","locations":[{"start":{"line":13,"column":2335},"end":{"line":13,"column":2397}},{"start":{"line":13,"column":2400},"end":{"line":13,"column":2428}}],"line":13},"20":{"loc":{"start":{"line":13,"column":2511},"end":{"line":13,"column":2568}},"type":"if","locations":[{"start":{"line":13,"column":2511},"end":{"line":13,"column":2568}},{"start":{"line":13,"column":2511},"end":{"line":13,"column":2568}}],"line":13},"21":{"loc":{"start":{"line":13,"column":2569},"end":{"line":13,"column":2644}},"type":"if","locations":[{"start":{"line":13,"column":2569},"end":{"line":13,"column":2644}},{"start":{"line":13,"column":2569},"end":{"line":13,"column":2644}}],"line":13},"22":{"loc":{"start":{"line":13,"column":2584},"end":{"line":13,"column":2611}},"type":"if","locations":[{"start":{"line":13,"column":2584},"end":{"line":13,"column":2611}},{"start":{"line":13,"column":2584},"end":{"line":13,"column":2611}}],"line":13},"23":{"loc":{"start":{"line":13,"column":2699},"end":{"line":13,"column":2788}},"type":"if","locations":[{"start":{"line":13,"column":2699},"end":{"line":13,"column":2788}},{"start":{"line":13,"column":2699},"end":{"line":13,"column":2788}}],"line":13},"24":{"loc":{"start":{"line":13,"column":2743},"end":{"line":13,"column":2786}},"type":"if","locations":[{"start":{"line":13,"column":2743},"end":{"line":13,"column":2786}},{"start":{"line":13,"column":2743},"end":{"line":13,"column":2786}}],"line":13},"25":{"loc":{"start":{"line":13,"column":2752},"end":{"line":13,"column":2774}},"type":"if","locations":[{"start":{"line":13,"column":2752},"end":{"line":13,"column":2774}},{"start":{"line":13,"column":2752},"end":{"line":13,"column":2774}}],"line":13},"26":{"loc":{"start":{"line":13,"column":2789},"end":{"line":13,"column":2991}},"type":"if","locations":[{"start":{"line":13,"column":2789},"end":{"line":13,"column":2991}},{"start":{"line":13,"column":2789},"end":{"line":13,"column":2991}}],"line":13},"27":{"loc":{"start":{"line":13,"column":2844},"end":{"line":13,"column":2991}},"type":"if","locations":[{"start":{"line":13,"column":2844},"end":{"line":13,"column":2991}},{"start":{"line":13,"column":2844},"end":{"line":13,"column":2991}}],"line":13},"28":{"loc":{"start":{"line":13,"column":2872},"end":{"line":13,"column":2904}},"type":"if","locations":[{"start":{"line":13,"column":2872},"end":{"line":13,"column":2904}},{"start":{"line":13,"column":2872},"end":{"line":13,"column":2904}}],"line":13},"29":{"loc":{"start":{"line":13,"column":2940},"end":{"line":13,"column":2990}},"type":"binary-expr","locations":[{"start":{"line":13,"column":2940},"end":{"line":13,"column":2961}},{"start":{"line":13,"column":2965},"end":{"line":13,"column":2990}}],"line":13},"30":{"loc":{"start":{"line":13,"column":3026},"end":{"line":13,"column":3140}},"type":"if","locations":[{"start":{"line":13,"column":3026},"end":{"line":13,"column":3140}},{"start":{"line":13,"column":3026},"end":{"line":13,"column":3140}}],"line":13},"31":{"loc":{"start":{"line":13,"column":3053},"end":{"line":13,"column":3099}},"type":"if","locations":[{"start":{"line":13,"column":3053},"end":{"line":13,"column":3099}},{"start":{"line":13,"column":3053},"end":{"line":13,"column":3099}}],"line":13},"32":{"loc":{"start":{"line":13,"column":3061},"end":{"line":13,"column":3075}},"type":"cond-expr","locations":[{"start":{"line":13,"column":3070},"end":{"line":13,"column":3071}},{"start":{"line":13,"column":3074},"end":{"line":13,"column":3075}}],"line":13},"33":{"loc":{"start":{"line":13,"column":3141},"end":{"line":13,"column":3205}},"type":"binary-expr","locations":[{"start":{"line":13,"column":3141},"end":{"line":13,"column":3159}},{"start":{"line":13,"column":3164},"end":{"line":13,"column":3204}}],"line":13},"34":{"loc":{"start":{"line":13,"column":3288},"end":{"line":13,"column":3572}},"type":"if","locations":[{"start":{"line":13,"column":3288},"end":{"line":13,"column":3572}},{"start":{"line":13,"column":3288},"end":{"line":13,"column":3572}}],"line":13},"35":{"loc":{"start":{"line":13,"column":3327},"end":{"line":13,"column":3568}},"type":"binary-expr","locations":[{"start":{"line":13,"column":3327},"end":{"line":13,"column":3340}},{"start":{"line":13,"column":3344},"end":{"line":13,"column":3364}},{"start":{"line":13,"column":3369},"end":{"line":13,"column":3448}},{"start":{"line":13,"column":3453},"end":{"line":13,"column":3467}},{"start":{"line":13,"column":3472},"end":{"line":13,"column":3567}}],"line":13},"36":{"loc":{"start":{"line":13,"column":3613},"end":{"line":13,"column":3700}},"type":"if","locations":[{"start":{"line":13,"column":3613},"end":{"line":13,"column":3700}},{"start":{"line":13,"column":3613},"end":{"line":13,"column":3700}}],"line":13},"37":{"loc":{"start":{"line":13,"column":3723},"end":{"line":13,"column":3970}},"type":"cond-expr","locations":[{"start":{"line":13,"column":3727},"end":{"line":13,"column":3866}},{"start":{"line":13,"column":3870},"end":{"line":13,"column":3969}}],"line":13},"38":{"loc":{"start":{"line":13,"column":3727},"end":{"line":13,"column":3866}},"type":"cond-expr","locations":[{"start":{"line":13,"column":3737},"end":{"line":13,"column":3861}},{"start":{"line":13,"column":3865},"end":{"line":13,"column":3866}}],"line":13},"39":{"loc":{"start":{"line":13,"column":3784},"end":{"line":13,"column":3839}},"type":"binary-expr","locations":[{"start":{"line":13,"column":3784},"end":{"line":13,"column":3805}},{"start":{"line":13,"column":3810},"end":{"line":13,"column":3838}}],"line":13},"40":{"loc":{"start":{"line":13,"column":4027},"end":{"line":13,"column":4056}},"type":"binary-expr","locations":[{"start":{"line":13,"column":4027},"end":{"line":13,"column":4033}},{"start":{"line":13,"column":4038},"end":{"line":13,"column":4055}}],"line":13},"41":{"loc":{"start":{"line":13,"column":4058},"end":{"line":13,"column":4108}},"type":"binary-expr","locations":[{"start":{"line":13,"column":4058},"end":{"line":13,"column":4064}},{"start":{"line":13,"column":4069},"end":{"line":13,"column":4107}}],"line":13},"42":{"loc":{"start":{"line":13,"column":4173},"end":{"line":13,"column":4191}},"type":"binary-expr","locations":[{"start":{"line":13,"column":4173},"end":{"line":13,"column":4185}},{"start":{"line":13,"column":4189},"end":{"line":13,"column":4191}}],"line":13},"43":{"loc":{"start":{"line":13,"column":4378},"end":{"line":13,"column":4699}},"type":"if","locations":[{"start":{"line":13,"column":4378},"end":{"line":13,"column":4699}},{"start":{"line":13,"column":4378},"end":{"line":13,"column":4699}}],"line":13},"44":{"loc":{"start":{"line":13,"column":4382},"end":{"line":13,"column":4395}},"type":"binary-expr","locations":[{"start":{"line":13,"column":4382},"end":{"line":13,"column":4383}},{"start":{"line":13,"column":4387},"end":{"line":13,"column":4395}}],"line":13},"45":{"loc":{"start":{"line":13,"column":4413},"end":{"line":13,"column":4437}},"type":"if","locations":[{"start":{"line":13,"column":4413},"end":{"line":13,"column":4437}},{"start":{"line":13,"column":4413},"end":{"line":13,"column":4437}}],"line":13},"46":{"loc":{"start":{"line":13,"column":4438},"end":{"line":13,"column":4480}},"type":"if","locations":[{"start":{"line":13,"column":4438},"end":{"line":13,"column":4480}},{"start":{"line":13,"column":4438},"end":{"line":13,"column":4480}}],"line":13},"47":{"loc":{"start":{"line":13,"column":4481},"end":{"line":13,"column":4697}},"type":"if","locations":[{"start":{"line":13,"column":4481},"end":{"line":13,"column":4697}},{"start":{"line":13,"column":4481},"end":{"line":13,"column":4697}}],"line":13},"48":{"loc":{"start":{"line":13,"column":4563},"end":{"line":13,"column":4628}},"type":"if","locations":[{"start":{"line":13,"column":4563},"end":{"line":13,"column":4628}},{"start":{"line":13,"column":4563},"end":{"line":13,"column":4628}}],"line":13},"49":{"loc":{"start":{"line":13,"column":5132},"end":{"line":13,"column":5171}},"type":"binary-expr","locations":[{"start":{"line":13,"column":5132},"end":{"line":13,"column":5154}},{"start":{"line":13,"column":5158},"end":{"line":13,"column":5171}}],"line":13},"50":{"loc":{"start":{"line":13,"column":5180},"end":{"line":13,"column":5265}},"type":"binary-expr","locations":[{"start":{"line":13,"column":5180},"end":{"line":13,"column":5183}},{"start":{"line":13,"column":5188},"end":{"line":13,"column":5211}},{"start":{"line":13,"column":5215},"end":{"line":13,"column":5264}}],"line":13},"51":{"loc":{"start":{"line":13,"column":5240},"end":{"line":13,"column":5263}},"type":"binary-expr","locations":[{"start":{"line":13,"column":5240},"end":{"line":13,"column":5253}},{"start":{"line":13,"column":5257},"end":{"line":13,"column":5263}}],"line":13},"52":{"loc":{"start":{"line":13,"column":5301},"end":{"line":13,"column":5457}},"type":"cond-expr","locations":[{"start":{"line":13,"column":5325},"end":{"line":13,"column":5377}},{"start":{"line":13,"column":5381},"end":{"line":13,"column":5456}}],"line":13},"53":{"loc":{"start":{"line":13,"column":5732},"end":{"line":13,"column":5761}},"type":"binary-expr","locations":[{"start":{"line":13,"column":5732},"end":{"line":13,"column":5744}},{"start":{"line":13,"column":5749},"end":{"line":13,"column":5760}}],"line":13},"54":{"loc":{"start":{"line":13,"column":5818},"end":{"line":13,"column":5916}},"type":"cond-expr","locations":[{"start":{"line":13,"column":5845},"end":{"line":13,"column":5846}},{"start":{"line":13,"column":5849},"end":{"line":13,"column":5916}}],"line":13},"55":{"loc":{"start":{"line":13,"column":5885},"end":{"line":13,"column":5912}},"type":"cond-expr","locations":[{"start":{"line":13,"column":5894},"end":{"line":13,"column":5901}},{"start":{"line":13,"column":5904},"end":{"line":13,"column":5912}}],"line":13},"56":{"loc":{"start":{"line":13,"column":6241},"end":{"line":13,"column":6297}},"type":"if","locations":[{"start":{"line":13,"column":6241},"end":{"line":13,"column":6297}},{"start":{"line":13,"column":6241},"end":{"line":13,"column":6297}}],"line":13},"57":{"loc":{"start":{"line":13,"column":6425},"end":{"line":13,"column":6704}},"type":"if","locations":[{"start":{"line":13,"column":6425},"end":{"line":13,"column":6704}},{"start":{"line":13,"column":6425},"end":{"line":13,"column":6704}}],"line":13},"58":{"loc":{"start":{"line":13,"column":6625},"end":{"line":13,"column":6703}},"type":"binary-expr","locations":[{"start":{"line":13,"column":6625},"end":{"line":13,"column":6644}},{"start":{"line":13,"column":6648},"end":{"line":13,"column":6663}},{"start":{"line":13,"column":6667},"end":{"line":13,"column":6686}},{"start":{"line":13,"column":6691},"end":{"line":13,"column":6702}}],"line":13},"59":{"loc":{"start":{"line":13,"column":6787},"end":{"line":13,"column":6823}},"type":"if","locations":[{"start":{"line":13,"column":6787},"end":{"line":13,"column":6823}},{"start":{"line":13,"column":6787},"end":{"line":13,"column":6823}}],"line":13},"60":{"loc":{"start":{"line":13,"column":6896},"end":{"line":13,"column":6919}},"type":"if","locations":[{"start":{"line":13,"column":6896},"end":{"line":13,"column":6919}},{"start":{"line":13,"column":6896},"end":{"line":13,"column":6919}}],"line":13},"61":{"loc":{"start":{"line":13,"column":7006},"end":{"line":13,"column":7041}},"type":"binary-expr","locations":[{"start":{"line":13,"column":7006},"end":{"line":13,"column":7007}},{"start":{"line":13,"column":7012},"end":{"line":13,"column":7040}}],"line":13},"62":{"loc":{"start":{"line":13,"column":7152},"end":{"line":13,"column":7198}},"type":"if","locations":[{"start":{"line":13,"column":7152},"end":{"line":13,"column":7198}},{"start":{"line":13,"column":7152},"end":{"line":13,"column":7198}}],"line":13},"63":{"loc":{"start":{"line":13,"column":7199},"end":{"line":13,"column":7629}},"type":"if","locations":[{"start":{"line":13,"column":7199},"end":{"line":13,"column":7629}},{"start":{"line":13,"column":7199},"end":{"line":13,"column":7629}}],"line":13},"64":{"loc":{"start":{"line":13,"column":7288},"end":{"line":13,"column":7627}},"type":"if","locations":[{"start":{"line":13,"column":7288},"end":{"line":13,"column":7627}},{"start":{"line":13,"column":7288},"end":{"line":13,"column":7627}}],"line":13},"65":{"loc":{"start":{"line":13,"column":7292},"end":{"line":13,"column":7298}},"type":"binary-expr","locations":[{"start":{"line":13,"column":7292},"end":{"line":13,"column":7293}},{"start":{"line":13,"column":7297},"end":{"line":13,"column":7298}}],"line":13},"66":{"loc":{"start":{"line":13,"column":7302},"end":{"line":13,"column":7360}},"type":"if","locations":[{"start":{"line":13,"column":7302},"end":{"line":13,"column":7360}},{"start":{"line":13,"column":7302},"end":{"line":13,"column":7360}}],"line":13},"67":{"loc":{"start":{"line":13,"column":7361},"end":{"line":13,"column":7419}},"type":"if","locations":[{"start":{"line":13,"column":7361},"end":{"line":13,"column":7419}},{"start":{"line":13,"column":7361},"end":{"line":13,"column":7419}}],"line":13},"68":{"loc":{"start":{"line":13,"column":7427},"end":{"line":13,"column":7627}},"type":"if","locations":[{"start":{"line":13,"column":7427},"end":{"line":13,"column":7627}},{"start":{"line":13,"column":7427},"end":{"line":13,"column":7627}}],"line":13},"69":{"loc":{"start":{"line":13,"column":7436},"end":{"line":13,"column":7494}},"type":"if","locations":[{"start":{"line":13,"column":7436},"end":{"line":13,"column":7494}},{"start":{"line":13,"column":7436},"end":{"line":13,"column":7494}}],"line":13},"70":{"loc":{"start":{"line":13,"column":7504},"end":{"line":13,"column":7566}},"type":"if","locations":[{"start":{"line":13,"column":7504},"end":{"line":13,"column":7566}},{"start":{"line":13,"column":7504},"end":{"line":13,"column":7566}}],"line":13},"71":{"loc":{"start":{"line":13,"column":7567},"end":{"line":13,"column":7625}},"type":"if","locations":[{"start":{"line":13,"column":7567},"end":{"line":13,"column":7625}},{"start":{"line":13,"column":7567},"end":{"line":13,"column":7625}}],"line":13},"72":{"loc":{"start":{"line":13,"column":7751},"end":{"line":13,"column":7854}},"type":"if","locations":[{"start":{"line":13,"column":7751},"end":{"line":13,"column":7854}},{"start":{"line":13,"column":7751},"end":{"line":13,"column":7854}}],"line":13},"73":{"loc":{"start":{"line":13,"column":7755},"end":{"line":13,"column":7831}},"type":"binary-expr","locations":[{"start":{"line":13,"column":7755},"end":{"line":13,"column":7776}},{"star
[...]
{"start":{"line":11,"column":4038},"end":{"line":11,"column":4055}}],"line":11},"41":{"loc":{"start":{"line":11,"column":4058},"end":{"line":11,"column":4108}},"type":"binary-expr","locations":[{"start":{"line":11,"column":4058},"end":{"line":11,"column":4064}},{"start":{"line":11,"column":4069},"end":{"line":11,"column":4107}}],"line":11},"42":{"loc":{"start":{"line":11,"column":4173},"end":{"line":11,"column":4191}},"type":"binary-expr","locations":[{"start":{"line":11,"column":4173},"end":{"line":11,"column":4185}},{"start":{"line":11,"column":4189},"end":{"line":11,"column":4191}}],"line":11},"43":{"loc":{"start":{"line":11,"column":4378},"end":{"line":11,"column":4699}},"type":"if","locations":[{"start":{"line":11,"column":4378},"end":{"line":11,"column":4699}},{"start":{"line":11,"column":4378},"end":{"line":11,"column":4699}}],"line":11},"44":{"loc":{"start":{"line":11,"column":4382},"end":{"line":11,"column":4395}},"type":"binary-expr","locations":[{"start":{"line":11,"column":4382},"end":{"line":11,"column":4383}},{"start":{"line":11,"column":4387},"end":{"line":11,"column":4395}}],"line":11},"45":{"loc":{"start":{"line":11,"column":4413},"end":{"line":11,"column":4437}},"type":"if","locations":[{"start":{"line":11,"column":4413},"end":{"line":11,"column":4437}},{"start":{"line":11,"column":4413},"end":{"line":11,"column":4437}}],"line":11},"46":{"loc":{"start":{"line":11,"column":4438},"end":{"line":11,"column":4480}},"type":"if","locations":[{"start":{"line":11,"column":4438},"end":{"line":11,"column":4480}},{"start":{"line":11,"column":4438},"end":{"line":11,"column":4480}}],"line":11},"47":{"loc":{"start":{"line":11,"column":4481},"end":{"line":11,"column":4697}},"type":"if","locations":[{"start":{"line":11,"column":4481},"end":{"line":11,"column":4697}},{"start":{"line":11,"column":4481},"end":{"line":11,"column":4697}}],"line":11},"48":{"loc":{"start":{"line":11,"column":4563},"end":{"line":11,"column":4628}},"type":"if","locations":[{"start":{"line":11,"column":4563},"end":{"line":11,"column":4628}},{"start":{"line":11,"column":4563},"end":{"line":11,"column":4628}}],"line":11},"49":{"loc":{"start":{"line":11,"column":5132},"end":{"line":11,"column":5171}},"type":"binary-expr","locations":[{"start":{"line":11,"column":5132},"end":{"line":11,"column":5154}},{"start":{"line":11,"column":5158},"end":{"line":11,"column":5171}}],"line":11},"50":{"loc":{"start":{"line":11,"column":5180},"end":{"line":11,"column":5265}},"type":"binary-expr","locations":[{"start":{"line":11,"column":5180},"end":{"line":11,"column":5183}},{"start":{"line":11,"column":5188},"end":{"line":11,"column":5211}},{"start":{"line":11,"column":5215},"end":{"line":11,"column":5264}}],"line":11},"51":{"loc":{"start":{"line":11,"column":5240},"end":{"line":11,"column":5263}},"type":"binary-expr","locations":[{"start":{"line":11,"column":5240},"end":{"line":11,"column":5253}},{"start":{"line":11,"column":5257},"end":{"line":11,"column":5263}}],"line":11},"52":{"loc":{"start":{"line":11,"column":5301},"end":{"line":11,"column":5457}},"type":"cond-expr","locations":[{"start":{"line":11,"column":5325},"end":{"line":11,"column":5377}},{"start":{"line":11,"column":5381},"end":{"line":11,"column":5456}}],"line":11},"53":{"loc":{"start":{"line":11,"column":5732},"end":{"line":11,"column":5761}},"type":"binary-expr","locations":[{"start":{"line":11,"column":5732},"end":{"line":11,"column":5744}},{"start":{"line":11,"column":5749},"end":{"line":11,"column":5760}}],"line":11},"54":{"loc":{"start":{"line":11,"column":5818},"end":{"line":11,"column":5916}},"type":"cond-expr","locations":[{"start":{"line":11,"column":5845},"end":{"line":11,"column":5846}},{"start":{"line":11,"column":5849},"end":{"line":11,"column":5916}}],"line":11},"55":{"loc":{"start":{"line":11,"column":5885},"end":{"line":11,"column":5912}},"type":"cond-expr","locations":[{"start":{"line":11,"column":5894},"end":{"line":11,"column":5901}},{"start":{"line":11,"column":5904},"end":{"line":11,"column":5912}}],"line":11},"56":{"loc":{"start":{"line":11,"column":6241},"end":{"line":11,"column":6297}},"type":"if","locations":[{"start":{"line":11,"column":6241},"end":{"line":11,"column":6297}},{"start":{"line":11,"column":6241},"end":{"line":11,"column":6297}}],"line":11},"57":{"loc":{"start":{"line":11,"column":6425},"end":{"line":11,"column":6704}},"type":"if","locations":[{"start":{"line":11,"column":6425},"end":{"line":11,"column":6704}},{"start":{"line":11,"column":6425},"end":{"line":11,"column":6704}}],"line":11},"58":{"loc":{"start":{"line":11,"column":6625},"end":{"line":11,"column":6703}},"type":"binary-expr","locations":[{"start":{"line":11,"column":6625},"end":{"line":11,"column":6644}},{"start":{"line":11,"column":6648},"end":{"line":11,"column":6663}},{"start":{"line":11,"column":6667},"end":{"line":11,"column":6686}},{"start":{"line":11,"column":6691},"end":{"line":11,"column":6702}}],"line":11},"59":{"loc":{"start":{"line":11,"column":6787},"end":{"line":11,"column":6823}},"type":"if","locations":[{"start":{"line":11,"column":6787},"end":{"line":11,"column":6823}},{"start":{"line":11,"column":6787},"end":{"line":11,"column":6823}}],"line":11},"60":{"loc":{"start":{"line":11,"column":6896},"end":{"line":11,"column":6919}},"type":"if","locations":[{"start":{"line":11,"column":6896},"end":{"line":11,"column":6919}},{"start":{"line":11,"column":6896},"end":{"line":11,"column":6919}}],"line":11},"61":{"loc":{"start":{"line":11,"column":7006},"end":{"line":11,"column":7041}},"type":"binary-expr","locations":[{"start":{"line":11,"column":7006},"end":{"line":11,"column":7007}},{"start":{"line":11,"column":7012},"end":{"line":11,"column":7040}}],"line":11},"62":{"loc":{"start":{"line":11,"column":7152},"end":{"line":11,"column":7198}},"type":"if","locations":[{"start":{"line":11,"column":7152},"end":{"line":11,"column":7198}},{"start":{"line":11,"column":7152},"end":{"line":11,"column":7198}}],"line":11},"63":{"loc":{"start":{"line":11,"column":7199},"end":{"line":11,"column":7629}},"type":"if","locations":[{"start":{"line":11,"column":7199},"end":{"line":11,"column":7629}},{"start":{"line":11,"column":7199},"end":{"line":11,"column":7629}}],"line":11},"64":{"loc":{"start":{"line":11,"column":7288},"end":{"line":11,"column":7627}},"type":"if","locations":[{"start":{"line":11,"column":7288},"end":{"line":11,"column":7627}},{"start":{"line":11,"column":7288},"end":{"line":11,"column":7627}}],"line":11},"65":{"loc":{"start":{"line":11,"column":7292},"end":{"line":11,"column":7298}},"type":"binary-expr","locations":[{"start":{"line":11,"column":7292},"end":{"line":11,"column":7293}},{"start":{"line":11,"column":7297},"end":{"line":11,"column":7298}}],"line":11},"66":{"loc":{"start":{"line":11,"column":7302},"end":{"line":11,"column":7360}},"type":"if","locations":[{"start":{"line":11,"column":7302},"end":{"line":11,"column":7360}},{"start":{"line":11,"column":7302},"end":{"line":11,"column":7360}}],"line":11},"67":{"loc":{"start":{"line":11,"column":7361},"end":{"line":11,"column":7419}},"type":"if","locations":[{"start":{"line":11,"column":7361},"end":{"line":11,"column":7419}},{"start":{"line":11,"column":7361},"end":{"line":11,"column":7419}}],"line":11},"68":{"loc":{"start":{"line":11,"column":7427},"end":{"line":11,"column":7627}},"type":"if","locations":[{"start":{"line":11,"column":7427},"end":{"line":11,"column":7627}},{"start":{"line":11,"column":7427},"end":{"line":11,"column":7627}}],"line":11},"69":{"loc":{"start":{"line":11,"column":7436},"end":{"line":11,"column":7494}},"type":"if","locations":[{"start":{"line":11,"column":7436},"end":{"line":11,"column":7494}},{"start":{"line":11,"column":7436},"end":{"line":11,"column":7494}}],"line":11},"70":{"loc":{"start":{"line":11,"column":7504},"end":{"line":11,"column":7566}},"type":"if","locations":[{"start":{"line":11,"column":7504},"end":{"line":11,"column":7566}},{"start":{"line":11,"column":7504},"end":{"line":11,"column":7566}}],"line":11},"71":{"loc":{"start":{"line":11,"column":7567},"end":{"line":11,"column":7625}},"type":"if","locations":[{"start":{"line":11,"column":7567},"end":{"line":11,"column":7625}},{"start":{"line":11,"column":7567},"end":{"line":11,"column":7625}}],"line":11},"72":{"loc":{"start":{"line":11,"column":7751},"end":{"line":11,"column":7854}},"type":"if","locations":[{"start":{"line":11,"column":7751},"end":{"line":11,"column":7854}},{"start":{"line":11,"column":7751},"end":{"line":11,"column":7854}}],"line":11},"73":{"loc":{"start":{"line":11,"column":7755},"end":{"line":11,"column":7831}},"type":"binary-expr","locations":[{"start":{"line":11,"column":7755},"end":{"line":11,"column":7776}},{"start":{"line":11,"column":7780},"end":{"line":11,"column":7803}},{"start":{"line":11,"column":7807},"end":{"line":11,"column":7831}}],"line":11},"74":{"loc":{"start":{"line":11,"column":7857},"end":{"line":11,"column":7949}},"type":"binary-expr","locations":[{"start":{"line":11,"column":7857},"end":{"line":11,"column":7858}},{"start":{"line":11,"column":7863},"end":{"line":11,"column":7876}},{"start":{"line":11,"column":7880},"end":{"line":11,"column":7896}},{"start":{"line":11,"column":7901},"end":{"line":11,"column":7914}},{"start":{"line":11,"column":7918},"end":{"line":11,"column":7935}},{"start":{"line":11,"column":7940},"end":{"line":11,"column":7948}}],"line":11},"75":{"loc":{"start":{"line":11,"column":7959},"end":{"line":11,"column":7980}},"type":"cond-expr","locations":[{"start":{"line":11,"column":7963},"end":{"line":11,"column":7975}},{"start":{"line":11,"column":7978},"end":{"line":11,"column":7980}}],"line":11},"76":{"loc":{"start":{"line":11,"column":8012},"end":{"line":11,"column":8086}},"type":"cond-expr","locations":[{"start":{"line":11,"column":8017},"end":{"line":11,"column":8066}},{"start":{"line":11,"column":8070},"end":{"line":11,"column":8086}}],"line":11},"77":{"loc":{"start":{"line":11,"column":8127},"end":{"line":11,"column":8163}},"type":"if","locations":[{"start":{"line":11,"column":8127},"end":{"line":11,"column":8163}},{"start":{"line":11,"column":8127},"end":{"line":11,"column":8163}}],"line":11},"78":{"loc":{"start":{"line":11,"column":8171},"end":{"line":11,"column":8378}},"type":"cond-expr","locations":[{"start":{"line":11,"column":8217},"end":{"line":11,"column":8234}},{"start":{"line":11,"column":8237},"end":{"line":11,"column":8378}}],"line":11},"79":{"loc":{"start":{"line":11,"column":8171},"end":{"line":11,"column":8214}},"type":"binary-expr","locations":[{"start":{"line":11,"column":8171},"end":{"line":11,"column":8189}},{"start":{"line":11,"column":8193},"end":{"line":11,"column":8214}}],"line":11},"80":{"loc":{"start":{"line":11,"column":8237},"end":{"line":11,"column":8378}},"type":"cond-expr","locations":[{"start":{"line":11,"column":8260},"end":{"line":11,"column":8331}},{"start":{"line":11,"column":8335},"end":{"line":11,"column":8378}}],"line":11},"81":{"loc":{"start":{"line":11,"column":8335},"end":{"line":11,"column":8378}},"type":"binary-expr","locations":[{"start":{"line":11,"column":8335},"end":{"line":11,"column":8354}},{"start":{"line":11,"column":8358},"end":{"line":11,"column":8359}},{"start":{"line":11,"column":8364},"end":{"line":11,"column":8377}}],"line":11},"82":{"loc":{"start":{"line":11,"column":8499},"end":{"line":11,"column":8591}},"type":"if","locations":[{"start":{"line":11,"column":8499},"end":{"line":11,"column":8591}},{"start":{"line":11,"column":8499},"end":{"line":11,"column":8591}}],"line":11},"83":{"loc":{"start":{"line":11,"column":8711},"end":{"line":11,"column":8827}},"type":"if","locations":[{"start":{"line":11,"column":8711},"end":{"line":11,"column":8827}},{"start":{"line":11,"column":8711},"end":{"line":11,"column":8827}}],"line":11},"84":{"loc":{"start":{"line":11,"column":8755},"end":{"line":11,"column":8815}},"type":"if","locations":[{"start":{"line":11,"column":8755},"end":{"line":11,"column":8815}},{"start":{"line":11,"column":8755},"end":{"line":11,"column":8815}}],"line":11},"85":{"loc":{"start":{"line":11,"column":8995},"end":{"line":11,"column":9035}},"type":"binary-expr","locations":[{"start":{"line":11,"column":8995},"end":{"line":11,"column":9017}},{"start":{"line":11,"column":9022},"end":{"line":11,"column":9034}}],"line":11},"86":{"loc":{"start":{"line":12,"column":121},"end":{"line":12,"column":166}},"type":"cond-expr","locations":[{"start":{"line":12,"column":130},"end":{"line":12,"column":134}},{"start":{"line":12,"column":137},"end":{"line":12,"column":166}}],"line":12},"87":{"loc":{"start":{"line":19,"column":16},"end":{"line":36,"column":7}},"type":"switch","locations":[{"start":{"line":20,"column":8},"end":{"line":23,"column":51}},{"start":{"line":24,"column":8},"end":{"line":27,"column":67}},{"start":{"line":28,"column":8},"end":{"line":32,"column":97}},{"start":{"line":33,"column":8},"end":{"line":33,"column":16}},{"start":{"line":34,"column":8},"end":{"line":35,"column":33}}],"line":19},"88":{"loc":{"start":{"line":46,"column":16},"end":{"line":60,"column":7}},"type":"switch","locations":[{"start":{"line":47,"column":8},"end":{"line":50,"column":56}},{"start":{"line":51,"column":8},"end":{"line":56,"column":105}},{"start":{"line":57,"column":8},"end":{"line":57,"column":15}},{"start":{"line":58,"column":8},"end":{"line":59,"column":34}}],"line":46},"89":{"loc":{"start":{"line":71,"column":16},"end":{"line":94,"column":7}},"type":"switch","locations":[{"start":{"line":72,"column":8},"end":{"line":74,"column":43}},{"start":{"line":75,"column":8},"end":{"line":84,"column":43}},{"start":{"line":85,"column":8},"end":{"line":90,"column":107}},{"start":{"line":91,"column":8},"end":{"line":91,"column":16}},{"start":{"line":92,"column":8},"end":{"line":93,"column":34}}],"line":71},"90":{"loc":{"start":{"line":105,"column":16},"end":{"line":124,"column":7}},"type":"switch","locations":[{"start":{"line":106,"column":8},"end":{"line":113,"column":13}},{"start":{"line":114,"column":8},"end":{"line":115,"column":68}},{"start":{"line":116,"column":8},"end":{"line":120,"column":93}},{"start":{"line":121,"column":8},"end":{"line":121,"column":16}},{"start":{"line":122,"column":8},"end":{"line":123,"column":34}}],"line":105}},"s":{"0":0,"1":0,"2":0,"3":0,"4":0,"5":0,"6":0,"7":0,"8":0,"9":0,"10":0,"11":0,"12":0,"13":0,"14":0,"15":0,"16":0,"17":0,"18":0,"19":0,"20":0,"21":0,"22":0,"23":0,"24":0,"25":0,"26":0,"27":0,"28":0,"29":0,"30":0,"31":0,"32":0,"33":0,"34":0,"35":0,"36":0,"37":0,"38":0,"39":0,"40":0,"41":0,"42":0,"43":0,"44":0,"45":0,"46":0,"47":0,"48":0,"49":0,"50":0,"51":0,"52":0,"53":0,"54":0,"55":0,"56":0,"57":0,"58":0,"59":0,"60":0,"61":0,"62":0,"63":0,"64":0,"65":0,"66":0,"67":0,"68":0,"69":0,"70":0,"71":0,"72":0,"73":0,"74":0,"75":0,"76":0,"77":0,"78":0,"79":0,"80":0,"81":0,"82":0,"83":0,"84":0,"85":0,"86":0,"87":0,"88":0,"89":0,"90":0,"91":0,"92":0,"93":0,"94":0,"95":0,"96":0,"97":0,"98":0,"99":0,"100":0,"101":0,"102":0,"103":0,"104":0,"105":0,"106":0,"107":0,"108":0,"109":0,"110":0,"111":0,"112":0,"113":0,"114":0,"115":0,"116":0,"117":0,"118":0,"119":0,"120":0,"121":0,"122":0,"123":0,"124":0,"125":0,"126":0,"127":0,"128":0,"129":0,"130":0,"131":0,"132":0,"133":0,"134":0,"135":0,"136":0,"137":0,"138":0,"139":0,"140":0,"141":0,"142":0,"143":0,"144":0,"145":0,"146":0,"147":0,"148":0,"149":0,"150":0,"151":0,"152":0,"153":0,"154":0,"155":0,"156":0,"157":0,"158":0,"159":0,"160":0,"161":0,"162":0,"163":0,"164":0,"165":0,"166":0,"167":0,"168":0,"169":0,"170":0,"171":0,"172":0,"173":0,"174":0,"175":0,"176":0,"177":0,"178":0,"179":0,"180":0,"181":0,"182":0,"183":0,"184":0,"185":0,"186":0,"187":0,"188":0,"189":0,"190":0,"191":0,"192":0,"193":0,"194":0,"195":0,"196":0,"197":0,"198":0,"199":0,"200":0,"201":0,"202":0,"203":0,"204":0,"205":0,"206":0,"207":0,"208":0,"209":0,"210":0,"211":0,"212":0,"213":0,"214":0,"215":0,"216":0,"217":0,"218":0,"219":0,"220":0,"221":0,"222":0,"223":0,"224":0,"225":0,"226":0,"227":0,"228":0,"229":0,"230":0,"231":0,"232":0,"233":0,"234":0,"235":0,"236":0,"237":0,"238":0,"239":0,"240":0,"241":0,"242":0,"243":0,"244":0,"245":0,"246":0,"247":0,"248":0,"249":0,"250":0,"251":0,"252":0,"253":0,"254":0,"255":0,"256":0,"257":0,"258":0,"259":0,"260":0,"261":0,"262":0,"263":0,"264":0,"265":0,"266":0,"267":0,"268":0,"269":0,"270":0,"271":0,"272":0,"273":0,"274":0,"275":0,"276":0,"277":0,"278":0,"279":0,"280":0,"281":0,"282":0,"283":0,"284":0},"f":{"0":0,"1":0,"2":0,"3":0,"4":0,"5":0,"6":0,"7":0,"8":0,"9":0,"10":0,"11":0,"12":0,"13":0,"14":0,"15":0,"16":0,"17":0,"18":0,"19":0,"20":0,"21":0,"22":0,"23":0,"24":0,"25":0,"26":0,"27":0,"28":0,"29":0,"30":0,"31":0,"32":0,"33":0,"34":0,"35":0,"36":0,"37":0,"38":0,"39":0,"40":0,"41":0,"42":0,"43":0,"44":0,"45":0,"46":0,"47":0,"48":0,"49":0,"50":0,"51":0,"52":0,"53":0,"54":0,"55":0,"56":0,"57":0,"58":0,"59":0,"60":0,"61":0,"62":0,"63":0,"64":0,"65":0,"66":0,"67":0,"68":0,"69":0,"70":0,"71":0,"72":0,"73":0,"74":0,"75":0},"b":{"0":[0,0],"1":[0,0],"2":[0,0],"3":[0,0,0,0],"4":[0,0],"5":[0,0],"6":[0,0],"7":[0,0],"8":[0,0],"9":[0,0],"10":[0,0],"11":[0,0],"12":[0,0],"13":[0,0],"14":[0,0],"15":[0,0,0,0],"16":[0,0],"17":[0,0],"18":[0,0,0],"19":[0,0],"20":[0,0],"21":[0,0],"22":[0,0],"23":[0,0],"24":[0,0],"25":[0,0],"26":[0,0],"27":[0,0],"28":[0,0],"29":[0,0],"30":[0,0],"31":[0,0],"32":[0,0],"33":[0,0],"34":[0,0],"35":[0,0,0,0,0],"36":[0,0],"37":[0,0],"38":[0,0],"39":[0,0],"40":[0,0],"41":[0,0],"42":[0,0],"43":[0,0],"44":[0,0],"45":[0,0],"46":[0,0],"47":[0,0],"48":[0,0],"49":[0,0],"50":[0,0,0],"51":[0,0],"52":[0,0],"53":[0,0],"54":[0,0],"55":[0,0],"56":[0,0],"57":[0,0],"58":[0,0,0,0],"59":[0,0],"60":[0,0],"61":[0,0],"62":[0,0],"63":[0,0],"64":[0,0],"65":[0,0],"66":[0,0],"67":[0,0],"68":[0,0],"69":[0,0],"70":[0,0],"71":[0,0],"72":[0,0],"73":[0,0,0],"74":[0,0,0,0,0,0],"75":[0,0],"76":[0,0],"77":[0,0],"78":[0,0],"79":[0,0],"80":[0,0],"81":[0,0,0],"82":[0,0],"83":[0,0],"84":[0,0],"85":[0,0],"86":[0,0],"87":[0,0,0,0,0],"88":[0,0,0,0],"89":[0,0,0,0,0],"90":[0,0,0,0,0]}},"/home/maya/dbwebb-kurser/jsramverk/backend/routes/users.mjs":{"path":"/home/maya/dbwebb-kurser/jsramverk/backend/routes/users.mjs","statementMap":{"0":{"start":{"line":3,"column":0},"end":{"line":5,"column":3}},"1":{"start":{"line":6,"column":0},"end":{"line":6,"column":28}},"2":{"start":{"line":7,"column":15},"end":{"line":7,"column":57}},"3":{"start":{"line":8,"column":13},"end":{"line":8,"column":66}},"4":{"start":{"line":9,"column":37},"end":{"line":9,"column":85}},"5":{"start":{"line":10,"column":13},"end":{"line":10,"column":41}},"6":{"start":{"line":11,"column":0},"end":{"line":13,"column":3}},"7":{"start":{"line":12,"column":2},"end":{"line":12,"column":58}},"8":{"start":{"line":14,"column":0},"end":{"line":16,"column":3}},"9":{"start":{"line":15,"column":2},"end":{"line":15,"column":74}},"10":{"start":{"line":17,"column":15},"end":{"line":17,"column":42}}},"fnMap":{"0":{"name":"_interopRequireDefault","decl":{"start":{"line":9,"column":9},"end":{"line":9,"column":31}},"loc":{"start":{"line":9,"column":35},"end":{"line":9,"column":87}},"line":9},"1":{"name":"(anonymous_1)","decl":{"start":{"line":11,"column":16},"end":{"line":11,"column":17}},"loc":{"start":{"line":11,"column":36},"end":{"line":13,"column":1}},"line":11},"2":{"name":"(anonymous_2)","decl":{"start":{"line":14,"column":19},"end":{"line":14,"column":20}},"loc":{"start":{"line":14,"column":39},"end":{"line":16,"column":1}},"line":14}},"branchMap":{"0":{"loc":{"start":{"line":9,"column":44},"end":{"line":9,"column":84}},"type":"cond-expr","locations":[{"start":{"line":9,"column":64},"end":{"line":9,"column":65}},{"start":{"line":9,"column":68},"end":{"line":9,"column":84}}],"line":9},"1":{"loc":{"start":{"line":9,"column":44},"end":{"line":9,"column":61}},"type":"binary-expr","locations":[{"start":{"line":9,"column":44},"end":{"line":9,"column":45}},{"start":{"line":9,"column":49},"end":{"line":9,"column":61}}],"line":9}},"s":{"0":0,"1":0,"2":0,"3":0,"4":0,"5":0,"6":0,"7":0,"8":0,"9":0,"10":0},"f":{"0":0,"1":0,"2":0},"b":{"0":[0,0],"1":[0,0]}}}