{"/home/maya/dbwebb-kurser/jsramverk/backend/app.js": {"path":"/home/maya/dbwebb-kurser/jsramverk/backend/app.js","statementMap":{"0":{"start":{"line":1,"column":0},"end":{"line":1,"column":27}},"1":{"start":{"line":2,"column":16},"end":{"line":2,"column":34}},"2":{"start":{"line":3,"column":13},"end":{"line":3,"column":28}},"3":{"start":{"line":4,"column":15},"end":{"line":4,"column":32}},"4":{"start":{"line":5,"column":13},"end":{"line":5,"column":28}},"5":{"start":{"line":7,"column":13},"end":{"line":7,"column":33}},"6":{"start":{"line":8,"column":14},"end":{"line":8,"column":42}},"7":{"start":{"line":9,"column":13},"end":{"line":9,"column":40}},"8":{"start":{"line":10,"column":14},"end":{"line":10,"column":42}},"9":{"start":{"line":11,"column":13},"end":{"line":11,"column":40}},"10":{"start":{"line":12,"column":18},"end":{"line":12,"column":45}},"11":{"start":{"line":14,"column":25},"end":{"line":14,"column":40}},"12":{"start":{"line":15,"column":19},"end":{"line":15,"column":39}},"13":{"start":{"line":17,"column":12},"end":{"line":17,"column":21}},"14":{"start":{"line":18,"column":19},"end":{"line":18,"column":36}},"15":{"start":{"line":21,"column":11},"end":{"line":26,"column":2}},"16":{"start":{"line":29,"column":0},"end":{"line":58,"column":3}},"17":{"start":{"line":30,"column":4},"end":{"line":30,"column":56}},"18":{"start":{"line":33,"column":4},"end":{"line":36,"column":7}},"19":{"start":{"line":34,"column":8},"end":{"line":34,"column":67}},"20":{"start":{"line":35,"column":8},"end":{"line":35,"column":26}},"21":{"start":{"line":39,"column":4},"end":{"line":44,"column":7}},"22":{"start":{"line":40,"column":8},"end":{"line":40,"column":58}},"23":{"start":{"line":42,"column":8},"end":{"line":42,"column":46}},"24":{"start":{"line":47,"column":4},"end":{"line":52,"column":7}},"25":{"start":{"line":48,"column":8},"end":{"line":48,"column":47}},"26":{"start":{"line":51,"column":8},"end":{"line":51,"column":47}},"27":{"start":{"line":55,"column":4},"end":{"line":57,"column":7}},"28":{"start":{"line":56,"column":8},"end":{"line":56,"column":47}},"29":{"start":{"line":61,"column":0},"end":{"line":61,"column":28}},"30":{"start":{"line":62,"column":0},"end":{"line":62,"column":30}},"31":{"start":{"line":64,"column":0},"end":{"line":64,"column":16}},"32":{"start":{"line":65,"column":0},"end":{"line":65,"column":60}},"33":{"start":{"line":68,"column":0},"end":{"line":70,"column":1}},"34":{"start":{"line":69,"column":4},"end":{"line":69,"column":32}},"35":{"start":{"line":72,"column":0},"end":{"line":72,"column":24}},"36":{"start":{"line":73,"column":0},"end":{"line":73,"column":48}},"37":{"start":{"line":76,"column":0},"end":{"line":76,"column":36}},"38":{"start":{"line":78,"column":0},"end":{"line":78,"column":25}},"39":{"start":{"line":79,"column":0},"end":{"line":79,"column":25}},"40":{"start":{"line":80,"column":0},"end":{"line":80,"column":23}},"41":{"start":{"line":81,"column":0},"end":{"line":81,"column":23}},"42":{"start":{"line":83,"column":0},"end":{"line":83,"column":56}},"43":{"start":{"line":83,"column":27},"end":{"line":83,"column":54}},"44":{"start":{"line":85,"column":0},"end":{"line":85,"column":14}},"45":{"start":{"line":87,"column":0},"end":{"line":87,"column":21}}},"fnMap":{"0":{"name":"(anonymous_0)","decl":{"start":{"line":29,"column":20},"end":{"line":29,"column":21}},"loc":{"start":{"line":29,"column":32},"end":{"line":58,"column":1}},"line":29},"1":{"name":"(anonymous_1)","decl":{"start":{"line":33,"column":24},"end":{"line":33,"column":25}},"loc":{"start":{"line":33,"column":34},"end":{"line":36,"column":5}},"line":33},"2":{"name":"(anonymous_2)","decl":{"start":{"line":39,"column":21},"end":{"line":39,"column":22}},"loc":{"start":{"line":39,"column":31},"end":{"line":44,"column":5}},"line":39},"3":{"name":"(anonymous_3)","decl":{"start":{"line":47,"column":25},"end":{"line":47,"column":26}},"loc":{"start":{"line":47,"column":35},"end":{"line":52,"column":5}},"line":47},"4":{"name":"(anonymous_4)","decl":{"start":{"line":55,"column":28},"end":{"line":55,"column":29}},"loc":{"start":{"line":55,"column":34},"end":{"line":57,"column":5}},"line":55},"5":{"name":"(anonymous_5)","decl":{"start":{"line":83,"column":13},"end":{"line":83,"column":14}},"loc":{"start":{"line":83,"column":27},"end":{"line":83,"column":54}},"line":83}},"branchMap":{"0":{"loc":{"start":{"line":68,"column":0},"end":{"line":70,"column":1}},"type":"if","locations":[{"start":{"line":68,"column":0},"end":{"line":70,"column":1}},{"start":{},"end":{}}],"line":68}},"s":{"0":2,"1":2,"2":2,"3":2,"4":2,"5":2,"6":2,"7":2,"8":2,"9":2,"10":2,"11":2,"12":2,"13":2,"14":2,"15":2,"16":2,"17":0,"18":0,"19":0,"20":0,"21":0,"22":0,"23":0,"24":0,"25":0,"26":0,"27":0,"28":0,"29":2,"30":2,"31":2,"32":2,"33":2,"34":0,"35":2,"36":2,"37":2,"38":2,"39":2,"40":2,"41":2,"42":2,"43":2,"44":2,"45":2},"f":{"0":0,"1":0,"2":0,"3":0,"4":0,"5":2},"b":{"0":[0,2]},"_coverageSchema":"1a1c01bbd47fc00a2c39e90264f33305004495a9","hash":"873ac97fd6df87a39775b8e8fb2d7f9cd41aaa2f"}
,"/home/maya/dbwebb-kurser/jsramverk/backend/database.js": {"path":"/home/maya/dbwebb-kurser/jsramverk/backend/database.js","statementMap":{"0":{"start":{"line":1,"column":0},"end":{"line":1,"column":27}},"1":{"start":{"line":2,"column":42},"end":{"line":2,"column":60}},"2":{"start":{"line":4,"column":17},"end":{"line":28,"column":1}},"3":{"start":{"line":6,"column":18},"end":{"line":6,"column":142}},"4":{"start":{"line":8,"column":8},"end":{"line":10,"column":9}},"5":{"start":{"line":9,"column":12},"end":{"line":9,"column":51}},"6":{"start":{"line":12,"column":23},"end":{"line":18,"column":10}},"7":{"start":{"line":20,"column":19},"end":{"line":20,"column":36}},"8":{"start":{"line":21,"column":27},"end":{"line":21,"column":59}},"9":{"start":{"line":23,"column":8},"end":{"line":26,"column":10}},"10":{"start":{"line":30,"column":0},"end":{"line":30,"column":26}}},"fnMap":{"0":{"name":"getDb","decl":{"start":{"line":5,"column":26},"end":{"line":5,"column":31}},"loc":{"start":{"line":5,"column":34},"end":{"line":27,"column":5}},"line":5}},"branchMap":{"0":{"loc":{"start":{"line":8,"column":8},"end":{"line":10,"column":9}},"type":"if","locations":[{"start":{"line":8,"column":8},"end":{"line":10,"column":9}},{"start":{},"end":{}}],"line":8}},"s":{"0":2,"1":2,"2":2,"3":2,"4":2,"5":2,"6":2,"7":2,"8":2,"9":2,"10":2},"f":{"0":2},"b":{"0":[2,0]},"_coverageSchema":"1a1c01bbd47fc00a2c39e90264f33305004495a9","hash":"763ddc728ab552bfb5ece3e5e7c5dd6d51e6b8a4"}
,"/home/maya/dbwebb-kurser/jsramverk/backend/docs.js": {"path":"/home/maya/dbwebb-kurser/jsramverk/backend/docs.js","statementMap":{"0":{"start":{"line":1,"column":17},"end":{"line":1,"column":41}},"1":{"start":{"line":2,"column":21},"end":{"line":2,"column":39}},"2":{"start":{"line":4,"column":13},"end":{"line":64,"column":1}},"3":{"start":{"line":6,"column":17},"end":{"line":6,"column":39}},"4":{"start":{"line":8,"column":8},"end":{"line":16,"column":9}},"5":{"start":{"line":9,"column":12},"end":{"line":9,"column":56}},"6":{"start":{"line":11,"column":12},"end":{"line":11,"column":29}},"7":{"start":{"line":13,"column":12},"end":{"line":13,"column":22}},"8":{"start":{"line":15,"column":12},"end":{"line":15,"column":36}},"9":{"start":{"line":20,"column":17},"end":{"line":20,"column":39}},"10":{"start":{"line":22,"column":8},"end":{"line":30,"column":9}},"11":{"start":{"line":23,"column":12},"end":{"line":23,"column":74}},"12":{"start":{"line":25,"column":12},"end":{"line":25,"column":29}},"13":{"start":{"line":27,"column":12},"end":{"line":27,"column":22}},"14":{"start":{"line":29,"column":12},"end":{"line":29,"column":36}},"15":{"start":{"line":34,"column":17},"end":{"line":34,"column":39}},"16":{"start":{"line":36,"column":8},"end":{"line":49,"column":9}},"17":{"start":{"line":37,"column":27},"end":{"line":42,"column":14}},"18":{"start":{"line":43,"column":12},"end":{"line":43,"column":26}},"19":{"start":{"line":45,"column":12},"end":{"line":45,"column":58}},"20":{"start":{"line":46,"column":12},"end":{"line":46,"column":20}},"21":{"start":{"line":48,"column":12},"end":{"line":48,"column":36}},"22":{"start":{"line":53,"column":17},"end":{"line":53,"column":39}},"23":{"start":{"line":54,"column":8},"end":{"line":62,"column":9}},"24":{"start":{"line":55,"column":27},"end":{"line":58,"column":13}},"25":{"start":{"line":59,"column":12},"end":{"line":59,"column":26}},"26":{"start":{"line":61,"column":12},"end":{"line":61,"column":36}},"27":{"start":{"line":66,"column":0},"end":{"line":66,"column":22}}},"fnMap":{"0":{"name":"getAll","decl":{"start":{"line":5,"column":27},"end":{"line":5,"column":33}},"loc":{"start":{"line":5,"column":36},"end":{"line":17,"column":5}},"line":5},"1":{"name":"getOne","decl":{"start":{"line":19,"column":27},"end":{"line":19,"column":33}},"loc":{"start":{"line":19,"column":38},"end":{"line":31,"column":5}},"line":19},"2":{"name":"addOne","decl":{"start":{"line":33,"column":27},"end":{"line":33,"column":33}},"loc":{"start":{"line":33,"column":40},"end":{"line":50,"column":5}},"line":33},"3":{"name":"updateOne","decl":{"start":{"line":52,"column":30},"end":{"line":52,"column":39}},"loc":{"start":{"line":52,"column":50},"end":{"line":63,"column":5}},"line":52}},"branchMap":{},"s":{"0":3,"1":3,"2":3,"3":3,"4":3,"5":3,"6":0,"7":0,"8":1,"9":1,"10":1,"11":1,"12":0,"13":0,"14":1,"15":1,"16":1,"17":1,"18":1,"19":0,"20":0,"21":1,"22":1,"23":1,"24":1,"25":1,"26":1,"27":3},"f":{"0":3,"1":1,"2":1,"3":1},"b":{},"_coverageSchema":"1a1c01bbd47fc00a2c39e90264f33305004495a9","hash":"e3ca5f964d7e3c938fe82cef1ea95ea5125ced4c"}
,"/home/maya/dbwebb-kurser/jsramverk/backend/models/auth.js": {"path":"/home/maya/dbwebb-kurser/jsramverk/backend/models/auth.js","statementMap":{"0":{"start":{"line":1,"column":0},"end":{"line":1,"column":27}},"1":{"start":{"line":2,"column":17},"end":{"line":2,"column":42}},"2":{"start":{"line":3,"column":12},"end":{"line":3,"column":26}},"3":{"start":{"line":4,"column":18},"end":{"line":4,"column":44}},"4":{"start":{"line":5,"column":15},"end":{"line":5,"column":34}},"5":{"start":{"line":6,"column":12},"end":{"line":6,"column":35}},"6":{"start":{"line":7,"column":23},"end":{"line":7,"column":38}},"7":{"start":{"line":9,"column":18},"end":{"line":9,"column":40}},"8":{"start":{"line":10,"column":16},"end":{"line":10,"column":35}},"9":{"start":{"line":12,"column":13},"end":{"line":368,"column":1}},"10":{"start":{"line":14,"column":8},"end":{"line":16,"column":9}},"11":{"start":{"line":15,"column":12},"end":{"line":15,"column":26}},"12":{"start":{"line":18,"column":8},"end":{"line":20,"column":9}},"13":{"start":{"line":19,"column":12},"end":{"line":19,"column":26}},"14":{"start":{"line":22,"column":8},"end":{"line":24,"column":9}},"15":{"start":{"line":23,"column":12},"end":{"line":23,"column":26}},"16":{"start":{"line":26,"column":8},"end":{"line":28,"column":9}},"17":{"start":{"line":27,"column":12},"end":{"line":27,"column":26}},"18":{"start":{"line":30,"column":8},"end":{"line":30,"column":87}},"19":{"start":{"line":34,"column":8},"end":{"line":63,"column":9}},"20":{"start":{"line":35,"column":23},"end":{"line":35,"column":45}},"21":{"start":{"line":37,"column":27},"end":{"line":37,"column":53}},"22":{"start":{"line":39,"column":30},"end":{"line":39,"column":65}},"23":{"start":{"line":41,"column":12},"end":{"line":44,"column":13}},"24":{"start":{"line":42,"column":16},"end":{"line":42,"column":40}},"25":{"start":{"line":43,"column":16},"end":{"line":43,"column":30}},"26":{"start":{"line":46,"column":12},"end":{"line":53,"column":15}},"27":{"start":{"line":55,"column":12},"end":{"line":62,"column":15}},"28":{"start":{"line":67,"column":19},"end":{"line":69,"column":9}},"29":{"start":{"line":71,"column":8},"end":{"line":76,"column":9}},"30":{"start":{"line":72,"column":12},"end":{"line":72,"column":85}},"31":{"start":{"line":73,"column":12},"end":{"line":73,"column":31}},"32":{"start":{"line":75,"column":12},"end":{"line":75,"column":52}},"33":{"start":{"line":78,"column":8},"end":{"line":97,"column":9}},"34":{"start":{"line":79,"column":23},"end":{"line":79,"column":45}},"35":{"start":{"line":81,"column":27},"end":{"line":81,"column":43}},"36":{"start":{"line":83,"column":30},"end":{"line":83,"column":65}},"37":{"start":{"line":85,"column":12},"end":{"line":89,"column":13}},"38":{"start":{"line":86,"column":16},"end":{"line":86,"column":44}},"39":{"start":{"line":88,"column":16},"end":{"line":88,"column":64}},"40":{"start":{"line":91,"column":12},"end":{"line":91,"column":56}},"41":{"start":{"line":93,"column":12},"end":{"line":93,"column":58}},"42":{"start":{"line":94,"column":12},"end":{"line":94,"column":31}},"43":{"start":{"line":96,"column":12},"end":{"line":96,"column":52}},"44":{"start":{"line":101,"column":23},"end":{"line":101,"column":28}},"45":{"start":{"line":102,"column":19},"end":{"line":104,"column":9}},"46":{"start":{"line":106,"column":8},"end":{"line":126,"column":9}},"47":{"start":{"line":107,"column":27},"end":{"line":107,"column":42}},"48":{"start":{"line":109,"column":30},"end":{"line":109,"column":65}},"49":{"start":{"line":111,"column":12},"end":{"line":118,"column":13}},"50":{"start":{"line":112,"column":16},"end":{"line":117,"column":18}},"51":{"start":{"line":120,"column":12},"end":{"line":120,"column":62}},"52":{"start":{"line":122,"column":12},"end":{"line":122,"column":58}},"53":{"start":{"line":123,"column":12},"end":{"line":123,"column":31}},"54":{"start":{"line":125,"column":12},"end":{"line":125,"column":52}},"55":{"start":{"line":130,"column":19},"end":{"line":130,"column":21}},"56":{"start":{"line":132,"column":8},"end":{"line":147,"column":9}},"57":{"start":{"line":133,"column":12},"end":{"line":133,"column":33}},"58":{"start":{"line":135,"column":24},"end":{"line":135,"column":53}},"59":{"start":{"line":137,"column":12},"end":{"line":137,"column":47}},"60":{"start":{"line":139,"column":12},"end":{"line":139,"column":60}},"61":{"start":{"line":141,"column":12},"end":{"line":141,"column":58}},"62":{"start":{"line":142,"column":12},"end":{"line":142,"column":31}},"63":{"start":{"line":144,"column":12},"end":{"line":144,"column":52}},"64":{"start":{"line":146,"column":12},"end":{"line":146,"column":36}},"65":{"start":{"line":151,"column":22},"end":{"line":151,"column":32}},"66":{"start":{"line":152,"column":23},"end":{"line":152,"column":34}},"67":{"start":{"line":154,"column":8},"end":{"line":182,"column":9}},"68":{"start":{"line":155,"column":23},"end":{"line":155,"column":45}},"69":{"start":{"line":157,"column":27},"end":{"line":157,"column":56}},"70":{"start":{"line":159,"column":30},"end":{"line":159,"column":65}},"71":{"start":{"line":161,"column":12},"end":{"line":173,"column":13}},"72":{"start":{"line":162,"column":16},"end":{"line":162,"column":69}},"73":{"start":{"line":164,"column":27},"end":{"line":168,"column":17}},"74":{"start":{"line":170,"column":16},"end":{"line":170,"column":40}},"75":{"start":{"line":172,"column":16},"end":{"line":172,"column":62}},"76":{"start":{"line":175,"column":23},"end":{"line":179,"column":13}},"77":{"start":{"line":181,"column":12},"end":{"line":181,"column":58}},"78":{"start":{"line":186,"column":8},"end":{"line":207,"column":9}},"79":{"start":{"line":187,"column":27},"end":{"line":187,"column":56}},"80":{"start":{"line":189,"column":12},"end":{"line":189,"column":50}},"81":{"start":{"line":191,"column":23},"end":{"line":194,"column":13}},"82":{"start":{"line":196,"column":12},"end":{"line":196,"column":52}},"83":{"start":{"line":198,"column":23},"end":{"line":202,"column":13}},"84":{"start":{"line":204,"column":12},"end":{"line":204,"column":58}},"85":{"start":{"line":206,"column":12},"end":{"line":206,"column":36}},"86":{"start":{"line":211,"column":22},"end":{"line":211,"column":32}},"87":{"start":{"line":212,"column":25},"end":{"line":212,"column":38}},"88":{"start":{"line":213,"column":23},"end":{"line":213,"column":35}},"89":{"start":{"line":215,"column":8},"end":{"line":224,"column":9}},"90":{"start":{"line":216,"column":12},"end":{"line":223,"column":15}},"91":{"start":{"line":228,"column":8},"end":{"line":261,"column":9}},"92":{"start":{"line":229,"column":12},"end":{"line":229,"column":40}},"93":{"start":{"line":231,"column":27},"end":{"line":231,"column":42}},"94":{"start":{"line":232,"column":31},"end":{"line":232,"column":66}},"95":{"start":{"line":234,"column":12},"end":{"line":240,"column":13}},"96":{"start":{"line":235,"column":29},"end":{"line":235,"column":74}},"97":{"start":{"line":235,"column":56},"end":{"line":235,"column":73}},"98":{"start":{"line":237,"column":16},"end":{"line":239,"column":17}},"99":{"start":{"line":238,"column":20},"end":{"line":238,"column":70}},"100":{"start":{"line":242,"column":12},"end":{"line":249,"column":15}},"101":{"start":{"line":251,"column":12},"end":{"line":258,"column":15}},"102":{"start":{"line":260,"column":12},"end":{"line":260,"column":36}},"103":{"start":{"line":265,"column":8},"end":{"line":295,"column":9}},"104":{"start":{"line":266,"column":26},"end":{"line":266,"column":76}},"105":{"start":{"line":268,"column":12},"end":{"line":285,"column":13}},"106":{"start":{"line":269,"column":16},"end":{"line":275,"column":19}},"107":{"start":{"line":277,"column":16},"end":{"line":284,"column":19}},"108":{"start":{"line":287,"column":12},"end":{"line":294,"column":15}},"109":{"start":{"line":299,"column":22},"end":{"line":299,"column":32}},"110":{"start":{"line":300,"column":25},"end":{"line":300,"column":38}},"111":{"start":{"line":301,"column":23},"end":{"line":301,"column":35}},"112":{"start":{"line":303,"column":8},"end":{"line":312,"column":9}},"113":{"start":{"line":304,"column":12},"end":{"line":311,"column":15}},"114":{"start":{"line":314,"column":8},"end":{"line":366,"column":11}},"115":{"start":{"line":315,"column":12},"end":{"line":324,"column":13}},"116":{"start":{"line":316,"column":16},"end":{"line":323,"column":19}},"117":{"start":{"line":326,"column":12},"end":{"line":365,"column":13}},"118":{"start":{"line":327,"column":27},"end":{"line":327,"column":49}},"119":{"start":{"line":329,"column":31},"end":{"line":329,"column":46}},"120":{"start":{"line":330,"column":35},"end":{"line":330,"column":70}},"121":{"start":{"line":332,"column":16},"end":{"line":346,"column":17}},"122":{"start":{"line":333,"column":33},"end":{"line":336,"column":21}},"123":{"start":{"line":338,"column":20},"end":{"line":338,"column":95}},"124":{"start":{"line":340,"column":20},"end":{"line":345,"column":23}},"125":{"start":{"line":348,"column":16},"end":{"line":355,"column":19}},"126":{"start":{"line":357,"column":16},"end":{"line":364,"column":19}},"127":{"start":{"line":370,"column":0},"end":{"line":370,"column":22}}},"fnMap":{"0":{"name":"(anonymous_0)","decl":{"start":{"line":13,"column":17},"end":{"line":13,"column":18}},"loc":{"start":{"line":13,"column":43},"end":{"line":31,"column":5}},"line":13},"1":{"name":"(anonymous_1)","decl":{"start":{"line":33,"column":19},"end":{"line":33,"column":20}},"loc":{"start":{"line":33,"column":59},"end":{"line":64,"column":5}},"line":33},"2":{"name":"(anonymous_2)","decl":{"start":{"line":66,"column":18},"end":{"line":66,"column":19}},"loc":{"start":{"line":66,"column":45},"end":{"line":98,"column":5}},"line":66},"3":{"name":"(anonymous_3)","decl":{"start":{"line":100,"column":21},"end":{"line":100,"column":22}},"loc":{"start":{"line":100,"column":52},"end":{"line":127,"column":5}},"line":100},"4":{"name":"(anonymous_4)","decl":{"start":{"line":129,"column":18},"end":{"line":129,"column":19}},"loc":{"start":{"line":129,"column":57},"end":{"line":148,"column":5}},"line":129},"5":{"name":"(anonymous_5)","decl":{"start":{"line":150,"column":16},"end":{"line":150,"column":17}},"loc":{"start":{"line":150,"column":42},"end":{"line":183,"column":5}},"line":150},"6":{"name":"(anonymous_6)","decl":{"start":{"line":185,"column":16},"end":{"line":185,"column":17}},"loc":{"start":{"line":185,"column":55},"end":{"line":208,"column":5}},"line":185},"7":{"name":"(anonymous_7)","decl":{"start":{"line":210,"column":11},"end":{"line":210,"column":12}},"loc":{"start":{"line":210,"column":37},"end":{"line":262,"column":5}},"line":210},"8":{"name":"(anonymous_8)","decl":{"start":{"line":235,"column":51},"end":{"line":235,"column":52}},"loc":{"start":{"line":235,"column":56},"end":{"line":235,"column":73}},"line":235},"9":{"name":"(anonymous_9)","decl":{"start":{"line":264,"column":22},"end":{"line":264,"column":23}},"loc":{"start":{"line":264,"column":63},"end":{"line":296,"column":5}},"line":264},"10":{"name":"(anonymous_10)","decl":{"start":{"line":298,"column":14},"end":{"line":298,"column":15}},"loc":{"start":{"line":298,"column":40},"end":{"line":367,"column":5}},"line":298},"11":{"name":"(anonymous_11)","decl":{"start":{"line":314,"column":34},"end":{"line":314,"column":35}},"loc":{"start":{"line":314,"column":60},"end":{"line":366,"column":9}},"line":314}},"branchMap":{"0":{"loc":{"start":{"line":14,"column":8},"end":{"line":16,"column":9}},"type":"if","locations":[{"start":{"line":14,"column":8},"end":{"line":16,"column":9}},{"start":{},"end":{}}],"line":14},"1":{"loc":{"start":{"line":18,"column":8},"end":{"line":20,"column":9}},"type":"if","locations":[{"start":{"line":18,"column":8},"end":{"line":20,"column":9}},{"start":{},"end":{}}],"line":18},"2":{"loc":{"start":{"line":22,"column":8},"end":{"line":24,"column":9}},"type":"if","locations":[{"start":{"line":22,"column":8},"end":{"line":24,"column":9}},{"start":{},"end":{}}],"line":22},"3":{"loc":{"start":{"line":26,"column":8},"end":{"line":28,"column":9}},"type":"if","locations":[{"start":{"line":26,"column":8},"end":{"line":28,"column":9}},{"start":{},"end":{}}],"line":26},"4":{"loc":{"start":{"line":30,"column":27},"end":{"line":30,"column":64}},"type":"binary-expr","locations":[{"start":{"line":30,"column":27},"end":{"line":30,"column":44}},{"start":{"line":30,"column":48},"end":{"line":30,"column":64}}],"line":30},"5":{"loc":{"start":{"line":37,"column":34},"end":{"line":37,"column":51}},"type":"binary-expr","locations":[{"start":{"line":37,"column":34},"end":{"line":37,"column":40}},{"start":{"line":37,"column":44},"end":{"line":37,"column":51}}],"line":37},"6":{"loc":{"start":{"line":41,"column":12},"end":{"line":44,"column":13}},"type":"if","locations":[{"start":{"line":41,"column":12},"end":{"line":44,"column":13}},{"start":{},"end":{}}],"line":41},"7":{"loc":{"start":{"line":71,"column":8},"end":{"line":76,"column":9}},"type":"if","locations":[{"start":{"line":71,"column":8},"end":{"line":76,"column":9}},{"start":{},"end":{}}],"line":71},"8":{"loc":{"start":{"line":71,"column":12},"end":{"line":71,"column":61}},"type":"binary-expr","locations":[{"start":{"line":71,"column":12},"end":{"line":71,"column":31}},{"start":{"line":71,"column":35},"end":{"line":71,"column":61}}],"line":71},"9":{"loc":{"start":{"line":85,"column":12},"end":{"line":89,"column":13}},"type":"if","locations":[{"start":{"line":85,"column":12},"end":{"line":89,"column":13}},{"start":{},"end":{}}],"line":85},"10":{"loc":{"start":{"line":111,"column":12},"end":{"line":118,"column":13}},"type":"if","locations":[{"start":{"line":111,"column":12},"end":{"line":118,"column":13}},{"start":{},"end":{}}],"line":111},"11":{"loc":{"start":{"line":161,"column":12},"end":{"line":173,"column":13}},"type":"if","locations":[{"start":{"line":161,"column":12},"end":{"line":173,"column":13}},{"start":{"line":163,"column":19},"end":{"line":173,"column":13}}],"line":161},"12":{"loc":{"start":{"line":215,"column":8},"end":{"line":224,"column":9}},"type":"if","locations":[{"start":{"line":215,"column":8},"end":{"line":224,"column":9}},{"start":{},"end":{}}],"line":215},"13":{"loc":{"start":{"line":215,"column":12},"end":{"line":215,"column":31}},"type":"binary-expr","locations":[{"start":{"line":215,"column":12},"end":{"line":215,"column":18}},{"start":{"line":215,"column":22},"end":{"line":215,"column":31}}],"line":215},"14":{"loc":{"start":{"line":234,"column":12},"end":{"line":240,"column":13}},"type":"if","locations":[{"start":{"line":234,"column":12},"end":{"line":240,"column":13}},{"start":{},"end":{}}],"line":234},"15":{"loc":{"start":{"line":237,"column":16},"end":{"line":239,"column":17}},"type":"if","locations":[{"start":{"line":237,"column":16},"end":{"line":239,"column":17}},{"start":{},"end":{}}],"line":237},"16":{"loc":{"start":{"line":268,"column":12},"end":{"line":285,"column":13}},"type":"if","locations":[{"start":{"line":268,"column":12},"end":{"line":285,"column":13}},{"start":{"line":276,"column":19},"end":{"line":285,"column":13}}],"line":268},"17":{"loc":{"start":{"line":303,"column":8},"end":{"line":312,"column":9}},"type":"if","locations":[{"start":{"line":303,"column":8},"end":{"line":312,"column":9}},{"start":{},"end":{}}],"line":303},"18":{"loc":{"start":{"line":303,"column":12},"end":{"line":303,"column":31}},"type":"binary-expr","locations":[{"start":{"line":303,"column":12},"end":{"line":303,"column":18}},{"start":{"line":303,"column":22},"end":{"line":303,"column":31}}],"line":303},"19":{"loc":{"start":{"line":315,"column":12},"end":{"line":324,"column":13}},"type":"if","locations":[{"start":{"line":315,"column":12},"end":{"line":324,"column":13}},{"start":{},"end":{}}],"line":315},"20":{"loc":{"start":{"line":332,"column":16},"end":{"line":346,"column":17}},"type":"if","locations":[{"start":{"line":332,"column":16},"end":{"line":346,"column":17}},{"start":{},"end":{}}],"line":332}},"s":{"0":1,"1":1,"2":1,"3":1,"4":1,"5":1,"6":1,"7":1,"8":1,"9":1,"10":0,"11":0,"12":0,"13":0,"14":0,"15":0,"16":0,"17":0,"18":0,"19":0,"20":0,"21":0,"22":0,"23":0,"24":0,"25":0,"26":0,"27":0,"28":0,"29":0,"30":0,"31":0,"32":0,"33":0,"34":0,"35":0,"36":0,"37":0,"38":0,"39":0,"40":0,"41":0,"42":0,"43":0,"44":0,"45":0,"46":0,"47":0,"48":0,"49":0,"50":0,"51":0,"52":0,"53":0,"54":0,"55":0,"56":0,"57":0,"58":0,"59":0,"60":0,"61":0,"62":0,"63":0,"64":0,"65":0,"66":0,"67":0,"68":0,"69":0,"70":0,"71":0,"72":0,"73":0,"74":0,"75":0,"76":0,"77":0,"78":0,"79":0,"80":0,"81":0,"82":0,"83":0,"84":0,"85":0,"86":0,"87":0,"88":0,"89":0,"90":0,"91":0,"92":0,"93":0,"94":0,"95":0,"96":0,"97":0,"98":0,"99":0,"100":0,"101":0,"102":0,"103":0,"104":0,"105":0,"106":0,"107":0,"108":0,"109":0,"110":0,"111":0,"112":0,"113":0,"114":0,"115":0,"116":0,"117":0,"118":0,"119":0,"120":0,"121":0,"122":0,"123":0,"124":0,"125":0,"126":0,"127":1},"f":{"0":0,"1":0,"2":0,"3":0,"4":0,"5":0,"6":0,"7":0,"8":0,"9":0,"10":0,"11":0},"b":{"0":[0,0],"1":[0,0],"2":[0,0],"3":[0,0],"4":[0,0],"5":[0,0],"6":[0,0],"7":[0,0],"8":[0,0],"9":[0,0],"10":[0,0],"11":[0,0],"12":[0,0],"13":[0,0],"14":[0,0],"15":[0,0],"16":[0,0],"17":[0,0],"18":[0,0],"19":[0,0],"20":[0,0]},"_coverageSchema":"1a1c01bbd47fc00a2c39e90264f33305004495a9","hash":"f0245454869155ffe54e7230ef323b5f859dd14a"}
,"/home/maya/dbwebb-kurser/jsramverk/backend/models/data.js": {"path":"/home/maya/dbwebb-kurser/jsramverk/backend/models/data.js","statementMap":{"0":{"start":{"line":1,"column":17},"end":{"line":1,"column":42}},"1":{"start":{"line":2,"column":21},"end":{"line":2,"column":39}},"2":{"start":{"line":4,"column":13},"end":{"line":208,"column":1}},"3":{"start":{"line":8,"column":8},"end":{"line":43,"column":9}},"4":{"start":{"line":9,"column":12},"end":{"line":9,"column":40}},"5":{"start":{"line":11,"column":25},"end":{"line":14,"column":13}},"6":{"start":{"line":16,"column":27},"end":{"line":21,"column":14}},"7":{"start":{"line":23,"column":27},"end":{"line":23,"column":29}},"8":{"start":{"line":25,"column":12},"end":{"line":29,"column":15}},"9":{"start":{"line":26,"column":16},"end":{"line":28,"column":17}},"10":{"start":{"line":27,"column":20},"end":{"line":27,"column":44}},"11":{"start":{"line":31,"column":12},"end":{"line":31,"column":48}},"12":{"start":{"line":33,"column":12},"end":{"line":40,"column":15}},"13":{"start":{"line":42,"column":12},"end":{"line":42,"column":36}},"14":{"start":{"line":47,"column":21},"end":{"line":47,"column":37}},"15":{"start":{"line":48,"column":20},"end":{"line":48,"column":34}},"16":{"start":{"line":51,"column":8},"end":{"line":85,"column":9}},"17":{"start":{"line":52,"column":12},"end":{"line":52,"column":40}},"18":{"start":{"line":54,"column":27},"end":{"line":54,"column":64}},"19":{"start":{"line":55,"column":30},"end":{"line":62,"column":13}},"20":{"start":{"line":63,"column":28},"end":{"line":63,"column":55}},"21":{"start":{"line":65,"column":25},"end":{"line":69,"column":13}},"22":{"start":{"line":71,"column":12},"end":{"line":73,"column":13}},"23":{"start":{"line":72,"column":16},"end":{"line":72,"column":68}},"24":{"start":{"line":75,"column":12},"end":{"line":82,"column":15}},"25":{"start":{"line":84,"column":12},"end":{"line":84,"column":36}},"26":{"start":{"line":89,"column":8},"end":{"line":158,"column":9}},"27":{"start":{"line":90,"column":22},"end":{"line":90,"column":33}},"28":{"start":{"line":91,"column":30},"end":{"line":91,"column":47}},"29":{"start":{"line":92,"column":25},"end":{"line":92,"column":60}},"30":{"start":{"line":95,"column":12},"end":{"line":148,"column":13}},"31":{"start":{"line":96,"column":16},"end":{"line":96,"column":44}},"32":{"start":{"line":98,"column":39},"end":{"line":98,"column":74}},"33":{"start":{"line":99,"column":35},"end":{"line":99,"column":56}},"34":{"start":{"line":100,"column":27},"end":{"line":100,"column":29}},"35":{"start":{"line":102,"column":16},"end":{"line":106,"column":17}},"36":{"start":{"line":103,"column":20},"end":{"line":105,"column":21}},"37":{"start":{"line":104,"column":24},"end":{"line":104,"column":42}},"38":{"start":{"line":108,"column":16},"end":{"line":108,"column":32}},"39":{"start":{"line":110,"column":16},"end":{"line":130,"column":19}},"40":{"start":{"line":111,"column":34},"end":{"line":111,"column":80}},"41":{"start":{"line":113,"column":20},"end":{"line":127,"column":21}},"42":{"start":{"line":114,"column":38},"end":{"line":114,"column":40}},"43":{"start":{"line":116,"column":24},"end":{"line":124,"column":27}},"44":{"start":{"line":117,"column":43},"end":{"line":117,"column":66}},"45":{"start":{"line":119,"column":28},"end":{"line":121,"column":29}},"46":{"start":{"line":120,"column":32},"end":{"line":120,"column":64}},"47":{"start":{"line":123,"column":28},"end":{"line":123,"column":51}},"48":{"start":{"line":126,"column":24},"end":{"line":126,"column":47}},"49":{"start":{"line":129,"column":20},"end":{"line":129,"column":45}},"50":{"start":{"line":132,"column":37},"end":{"line":132,"column":56}},"51":{"start":{"line":134,"column":16},"end":{"line":134,"column":76}},"52":{"start":{"line":136,"column":16},"end":{"line":136,"column":46}},"53":{"start":{"line":138,"column":16},"end":{"line":145,"column":19}},"54":{"start":{"line":147,"column":16},"end":{"line":147,"column":40}},"55":{"start":{"line":150,"column":12},"end":{"line":157,"column":15}},"56":{"start":{"line":162,"column":8},"end":{"line":206,"column":9}},"57":{"start":{"line":163,"column":22},"end":{"line":163,"column":33}},"58":{"start":{"line":165,"column":25},"end":{"line":167,"column":13}},"59":{"start":{"line":169,"column":28},"end":{"line":175,"column":13}},"60":{"start":{"line":179,"column":12},"end":{"line":196,"column":13}},"61":{"start":{"line":180,"column":16},"end":{"line":180,"column":44}},"62":{"start":{"line":182,"column":16},"end":{"line":182,"column":65}},"63":{"start":{"line":184,"column":16},"end":{"line":184,"column":46}},"64":{"start":{"line":186,"column":16},"end":{"line":193,"column":19}},"65":{"start":{"line":195,"column":16},"end":{"line":195,"column":40}},"66":{"start":{"line":198,"column":12},"end":{"line":205,"column":15}},"67":{"start":{"line":210,"column":0},"end":{"line":210,"column":22}}},"fnMap":{"0":{"name":"(anonymous_0)","decl":{"start":{"line":5,"column":23},"end":{"line":5,"column":24}},"loc":{"start":{"line":5,"column":49},"end":{"line":44,"column":5}},"line":5},"1":{"name":"(anonymous_1)","decl":{"start":{"line":25,"column":33},"end":{"line":25,"column":34}},"loc":{"start":{"line":25,"column":46},"end":{"line":29,"column":13}},"line":25},"2":{"name":"(anonymous_2)","decl":{"start":{"line":46,"column":16},"end":{"line":46,"column":17}},"loc":{"start":{"line":46,"column":41},"end":{"line":86,"column":5}},"line":46},"3":{"name":"(anonymous_3)","decl":{"start":{"line":88,"column":16},"end":{"line":88,"column":17}},"loc":{"start":{"line":88,"column":42},"end":{"line":159,"column":5}},"line":88},"4":{"name":"(anonymous_4)","decl":{"start":{"line":110,"column":45},"end":{"line":110,"column":46}},"loc":{"start":{"line":110,"column":55},"end":{"line":130,"column":17}},"line":110},"5":{"name":"(anonymous_5)","decl":{"start":{"line":116,"column":42},"end":{"line":116,"column":43}},"loc":{"start":{"line":116,"column":52},"end":{"line":124,"column":25}},"line":116},"6":{"name":"(anonymous_6)","decl":{"start":{"line":161,"column":16},"end":{"line":161,"column":17}},"loc":{"start":{"line":161,"column":42},"end":{"line":207,"column":5}},"line":161}},"branchMap":{"0":{"loc":{"start":{"line":26,"column":16},"end":{"line":28,"column":17}},"type":"if","locations":[{"start":{"line":26,"column":16},"end":{"line":28,"column":17}},{"start":{},"end":{}}],"line":26},"1":{"loc":{"start":{"line":71,"column":12},"end":{"line":73,"column":13}},"type":"if","locations":[{"start":{"line":71,"column":12},"end":{"line":73,"column":13}},{"start":{},"end":{}}],"line":71},"2":{"loc":{"start":{"line":89,"column":8},"end":{"line":158,"column":9}},"type":"if","locations":[{"start":{"line":89,"column":8},"end":{"line":158,"column":9}},{"start":{"line":149,"column":15},"end":{"line":158,"column":9}}],"line":89},"3":{"loc":{"start":{"line":103,"column":20},"end":{"line":105,"column":21}},"type":"if","locations":[{"start":{"line":103,"column":20},"end":{"line":105,"column":21}},{"start":{},"end":{}}],"line":103},"4":{"loc":{"start":{"line":113,"column":20},"end":{"line":127,"column":21}},"type":"if","locations":[{"start":{"line":113,"column":20},"end":{"line":127,"column":21}},{"start":{},"end":{}}],"line":113},"5":{"loc":{"start":{"line":119,"column":28},"end":{"line":121,"column":29}},"type":"if","locations":[{"start":{"line":119,"column":28},"end":{"line":121,"column":29}},{"start":{},"end":{}}],"line":119},"6":{"loc":{"start":{"line":162,"column":8},"end":{"line":206,"column":9}},"type":"if","locations":[{"start":{"line":162,"column":8},"end":{"line":206,"column":9}},{"start":{"line":197,"column":15},"end":{"line":206,"column":9}}],"line":162}},"s":{"0":2,"1":2,"2":2,"3":0,"4":0,"5":0,"6":0,"7":0,"8":0,"9":0,"10":0,"11":0,"12":0,"13":0,"14":0,"15":0,"16":0,"17":0,"18":0,"19":0,"20":0,"21":0,"22":0,"23":0,"24":0,"25":0,"26":0,"27":0,"28":0,"29":0,"30":0,"31":0,"32":0,"33":0,"34":0,"35":0,"36":0,"37":0,"38":0,"39":0,"40":0,"41":0,"42":0,"43":0,"44":0,"45":0,"46":0,"47":0,"48":0,"49":0,"50":0,"51":0,"52":0,"53":0,"54":0,"55":0,"56":0,"57":0,"58":0,"59":0,"60":0,"61":0,"62":0,"63":0,"64":0,"65":0,"66":0,"67":2},"f":{"0":0,"1":0,"2":0,"3":0,"4":0,"5":0,"6":0},"b":{"0":[0,0],"1":[0,0],"2":[0,0],"3":[0,0],"4":[0,0],"5":[0,0],"6":[0,0]},"_coverageSchema":"1a1c01bbd47fc00a2c39e90264f33305004495a9","hash":"a2f26edf090cd950da8bfb449e759e177576dcaa"}
,"/home/maya/dbwebb-kurser/jsramverk/backend/models/users.js": {"path":"/home/maya/dbwebb-kurser/jsramverk/backend/models/users.js","statementMap":{"0":{"start":{"line":1,"column":17},"end":{"line":1,"column":42}},"1":{"start":{"line":3,"column":14},"end":{"line":39,"column":1}},"2":{"start":{"line":7,"column":8},"end":{"line":37,"column":9}},"3":{"start":{"line":8,"column":12},"end":{"line":8,"column":40}},"4":{"start":{"line":10,"column":27},"end":{"line":10,"column":42}},"5":{"start":{"line":11,"column":29},"end":{"line":11,"column":64}},"6":{"start":{"line":13,"column":30},"end":{"line":13,"column":75}},"7":{"start":{"line":15,"column":31},"end":{"line":15,"column":33}},"8":{"start":{"line":17,"column":12},"end":{"line":21,"column":13}},"9":{"start":{"line":18,"column":16},"end":{"line":20,"column":19}},"10":{"start":{"line":19,"column":20},"end":{"line":19,"column":72}},"11":{"start":{"line":23,"column":12},"end":{"line":25,"column":15}},"12":{"start":{"line":27,"column":12},"end":{"line":34,"column":15}},"13":{"start":{"line":36,"column":12},"end":{"line":36,"column":36}},"14":{"start":{"line":41,"column":0},"end":{"line":41,"column":23}}},"fnMap":{"0":{"name":"(anonymous_0)","decl":{"start":{"line":4,"column":12},"end":{"line":4,"column":13}},"loc":{"start":{"line":4,"column":41},"end":{"line":38,"column":5}},"line":4},"1":{"name":"(anonymous_1)","decl":{"start":{"line":18,"column":51},"end":{"line":18,"column":52}},"loc":{"start":{"line":18,"column":67},"end":{"line":20,"column":17}},"line":18}},"branchMap":{"0":{"loc":{"start":{"line":17,"column":12},"end":{"line":21,"column":13}},"type":"if","locations":[{"start":{"line":17,"column":12},"end":{"line":21,"column":13}},{"start":{},"end":{}}],"line":17}},"s":{"0":3,"1":3,"2":2,"3":2,"4":2,"5":2,"6":2,"7":1,"8":1,"9":1,"10":2,"11":1,"12":1,"13":2,"14":3},"f":{"0":2,"1":2},"b":{"0":[1,0]},"_coverageSchema":"1a1c01bbd47fc00a2c39e90264f33305004495a9","hash":"17fd34095f446d3af269c708e435f8f15b2af307"}
,"/home/maya/dbwebb-kurser/jsramverk/backend/routes/auth.js": {"path":"/home/maya/dbwebb-kurser/jsramverk/backend/routes/auth.js","statementMap":{"0":{"start":{"line":1,"column":16},"end":{"line":1,"column":34}},"1":{"start":{"line":2,"column":13},"end":{"line":2,"column":41}},"2":{"start":{"line":4,"column":15},"end":{"line":4,"column":31}},"3":{"start":{"line":6,"column":0},"end":{"line":13,"column":3}},"4":{"start":{"line":7,"column":15},"end":{"line":10,"column":5}},"5":{"start":{"line":12,"column":4},"end":{"line":12,"column":37}},"6":{"start":{"line":15,"column":0},"end":{"line":26,"column":3}},"7":{"start":{"line":16,"column":4},"end":{"line":18,"column":5}},"8":{"start":{"line":17,"column":8},"end":{"line":17,"column":54}},"9":{"start":{"line":20,"column":15},"end":{"line":23,"column":5}},"10":{"start":{"line":25,"column":4},"end":{"line":25,"column":44}},"11":{"start":{"line":28,"column":0},"end":{"line":36,"column":3}},"12":{"start":{"line":29,"column":15},"end":{"line":33,"column":5}},"13":{"start":{"line":35,"column":4},"end":{"line":35,"column":43}},"14":{"start":{"line":38,"column":0},"end":{"line":51,"column":3}},"15":{"start":{"line":39,"column":4},"end":{"line":42,"column":5}},"16":{"start":{"line":41,"column":8},"end":{"line":41,"column":46}},"17":{"start":{"line":44,"column":15},"end":{"line":48,"column":5}},"18":{"start":{"line":50,"column":4},"end":{"line":50,"column":43}},"19":{"start":{"line":53,"column":0},"end":{"line":53,"column":63}},"20":{"start":{"line":53,"column":36},"end":{"line":53,"column":61}},"21":{"start":{"line":54,"column":0},"end":{"line":54,"column":69}},"22":{"start":{"line":54,"column":39},"end":{"line":54,"column":67}},"23":{"start":{"line":56,"column":0},"end":{"line":58,"column":3}},"24":{"start":{"line":57,"column":4},"end":{"line":57,"column":40}},"25":{"start":{"line":60,"column":0},"end":{"line":60,"column":24}}},"fnMap":{"0":{"name":"(anonymous_0)","decl":{"start":{"line":6,"column":23},"end":{"line":6,"column":24}},"loc":{"start":{"line":6,"column":37},"end":{"line":13,"column":1}},"line":6},"1":{"name":"(anonymous_1)","decl":{"start":{"line":15,"column":37},"end":{"line":15,"column":38}},"loc":{"start":{"line":15,"column":51},"end":{"line":26,"column":1}},"line":15},"2":{"name":"(anonymous_2)","decl":{"start":{"line":28,"column":34},"end":{"line":28,"column":35}},"loc":{"start":{"line":28,"column":48},"end":{"line":36,"column":1}},"line":28},"3":{"name":"(anonymous_3)","decl":{"start":{"line":38,"column":35},"end":{"line":38,"column":36}},"loc":{"start":{"line":38,"column":49},"end":{"line":51,"column":1}},"line":38},"4":{"name":"(anonymous_4)","decl":{"start":{"line":53,"column":22},"end":{"line":53,"column":23}},"loc":{"start":{"line":53,"column":36},"end":{"line":53,"column":61}},"line":53},"5":{"name":"(anonymous_5)","decl":{"start":{"line":54,"column":25},"end":{"line":54,"column":26}},"loc":{"start":{"line":54,"column":39},"end":{"line":54,"column":67}},"line":54},"6":{"name":"(anonymous_6)","decl":{"start":{"line":56,"column":16},"end":{"line":56,"column":17}},"loc":{"start":{"line":56,"column":30},"end":{"line":58,"column":1}},"line":56}},"branchMap":{"0":{"loc":{"start":{"line":16,"column":4},"end":{"line":18,"column":5}},"type":"if","locations":[{"start":{"line":16,"column":4},"end":{"line":18,"column":5}},{"start":{},"end":{}}],"line":16},"1":{"loc":{"start":{"line":16,"column":8},"end":{"line":16,"column":49}},"type":"binary-expr","locations":[{"start":{"line":16,"column":8},"end":{"line":16,"column":21}},{"start":{"line":16,"column":25},"end":{"line":16,"column":49}}],"line":16},"2":{"loc":{"start":{"line":39,"column":4},"end":{"line":42,"column":5}},"type":"if","locations":[{"start":{"line":39,"column":4},"end":{"line":42,"column":5}},{"start":{},"end":{}}],"line":39},"3":{"loc":{"start":{"line":39,"column":8},"end":{"line":40,"column":63}},"type":"binary-expr","locations":[{"start":{"line":39,"column":8},"end":{"line":39,"column":22}},{"start":{"line":39,"column":26},"end":{"line":39,"column":41}},{"start":{"line":40,"column":8},"end":{"line":40,"column":33}},{"start":{"line":40,"column":37},"end":{"line":40,"column":63}}],"line":39}},"s":{"0":3,"1":3,"2":3,"3":3,"4":0,"5":0,"6":3,"7":1,"8":1,"9":0,"10":0,"11":3,"12":0,"13":0,"14":3,"15":1,"16":1,"17":0,"18":0,"19":3,"20":1,"21":3,"22":0,"23":3,"24":1,"25":3},"f":{"0":0,"1":1,"2":0,"3":1,"4":1,"5":0,"6":1},"b":{"0":[1,0],"1":[1,1],"2":[1,0],"3":[1,1,1,1]},"_coverageSchema":"1a1c01bbd47fc00a2c39e90264f33305004495a9","hash":"d9ed167d12be8be0aba8c0af58884357b8e594a4"}
,"/home/maya/dbwebb-kurser/jsramverk/backend/routes/data.js": {"path":"/home/maya/dbwebb-kurser/jsramverk/backend/routes/data.js","statementMap":{"0":{"start":{"line":1,"column":16},"end":{"line":1,"column":34}},"1":{"start":{"line":2,"column":13},"end":{"line":2,"column":41}},"2":{"start":{"line":3,"column":13},"end":{"line":3,"column":41}},"3":{"start":{"line":5,"column":15},"end":{"line":5,"column":31}},"4":{"start":{"line":7,"column":0},"end":{"line":10,"column":2}},"5":{"start":{"line":8,"column":24},"end":{"line":8,"column":55}},"6":{"start":{"line":9,"column":18},"end":{"line":9,"column":50}},"7":{"start":{"line":12,"column":0},"end":{"line":15,"column":2}},"8":{"start":{"line":13,"column":24},"end":{"line":13,"column":55}},"9":{"start":{"line":14,"column":18},"end":{"line":14,"column":43}},"10":{"start":{"line":17,"column":0},"end":{"line":20,"column":2}},"11":{"start":{"line":18,"column":24},"end":{"line":18,"column":55}},"12":{"start":{"line":19,"column":18},"end":{"line":19,"column":43}},"13":{"start":{"line":22,"column":0},"end":{"line":25,"column":2}},"14":{"start":{"line":23,"column":24},"end":{"line":23,"column":55}},"15":{"start":{"line":24,"column":18},"end":{"line":24,"column":43}},"16":{"start":{"line":27,"column":0},"end":{"line":27,"column":24}}},"fnMap":{"0":{"name":"(anonymous_0)","decl":{"start":{"line":8,"column":4},"end":{"line":8,"column":5}},"loc":{"start":{"line":8,"column":24},"end":{"line":8,"column":55}},"line":8},"1":{"name":"(anonymous_1)","decl":{"start":{"line":9,"column":4},"end":{"line":9,"column":5}},"loc":{"start":{"line":9,"column":18},"end":{"line":9,"column":50}},"line":9},"2":{"name":"(anonymous_2)","decl":{"start":{"line":13,"column":4},"end":{"line":13,"column":5}},"loc":{"start":{"line":13,"column":24},"end":{"line":13,"column":55}},"line":13},"3":{"name":"(anonymous_3)","decl":{"start":{"line":14,"column":4},"end":{"line":14,"column":5}},"loc":{"start":{"line":14,"column":18},"end":{"line":14,"column":43}},"line":14},"4":{"name":"(anonymous_4)","decl":{"start":{"line":18,"column":4},"end":{"line":18,"column":5}},"loc":{"start":{"line":18,"column":24},"end":{"line":18,"column":55}},"line":18},"5":{"name":"(anonymous_5)","decl":{"start":{"line":19,"column":4},"end":{"line":19,"column":5}},"loc":{"start":{"line":19,"column":18},"end":{"line":19,"column":43}},"line":19},"6":{"name":"(anonymous_6)","decl":{"start":{"line":23,"column":4},"end":{"line":23,"column":5}},"loc":{"start":{"line":23,"column":24},"end":{"line":23,"column":55}},"line":23},"7":{"name":"(anonymous_7)","decl":{"start":{"line":24,"column":4},"end":{"line":24,"column":5}},"loc":{"start":{"line":24,"column":18},"end":{"line":24,"column":43}},"line":24}},"branchMap":{},"s":{"0":2,"1":2,"2":2,"3":2,"4":2,"5":0,"6":0,"7":2,"8":0,"9":0,"10":2,"11":0,"12":0,"13":2,"14":0,"15":0,"16":2},"f":{"0":0,"1":0,"2":0,"3":0,"4":0,"5":0,"6":0,"7":0},"b":{},"_coverageSchema":"1a1c01bbd47fc00a2c39e90264f33305004495a9","hash":"5be8869eb193b5cd314cce305397258e11a44102"}
,"/home/maya/dbwebb-kurser/jsramverk/backend/routes/posts.js": {"path":"/home/maya/dbwebb-kurser/jsramverk/backend/routes/posts.js","statementMap":{"0":{"start":{"line":1,"column":16},"end":{"line":1,"column":34}},"1":{"start":{"line":2,"column":15},"end":{"line":2,"column":31}},"2":{"start":{"line":3,"column":18},"end":{"line":3,"column":39}},"3":{"start":{"line":4,"column":17},"end":{"line":4,"column":37}},"4":{"start":{"line":5,"column":16},"end":{"line":5,"column":37}},"5":{"start":{"line":7,"column":16},"end":{"line":7,"column":37}},"6":{"start":{"line":8,"column":11},"end":{"line":8,"column":80}},"7":{"start":{"line":11,"column":0},"end":{"line":20,"column":3}},"8":{"start":{"line":12,"column":4},"end":{"line":19,"column":5}},"9":{"start":{"line":13,"column":23},"end":{"line":13,"column":55}},"10":{"start":{"line":14,"column":8},"end":{"line":14,"column":64}},"11":{"start":{"line":15,"column":8},"end":{"line":15,"column":63}},"12":{"start":{"line":17,"column":8},"end":{"line":17,"column":57}},"13":{"start":{"line":18,"column":8},"end":{"line":18,"column":79}},"14":{"start":{"line":23,"column":0},"end":{"line":34,"column":3}},"15":{"start":{"line":24,"column":4},"end":{"line":33,"column":5}},"16":{"start":{"line":25,"column":20},"end":{"line":25,"column":57}},"17":{"start":{"line":26,"column":8},"end":{"line":28,"column":9}},"18":{"start":{"line":27,"column":12},"end":{"line":27,"column":73}},"19":{"start":{"line":29,"column":8},"end":{"line":29,"column":29}},"20":{"start":{"line":31,"column":8},"end":{"line":31,"column":57}},"21":{"start":{"line":32,"column":8},"end":{"line":32,"column":79}},"22":{"start":{"line":37,"column":0},"end":{"line":45,"column":3}},"23":{"start":{"line":38,"column":4},"end":{"line":44,"column":5}},"24":{"start":{"line":39,"column":21},"end":{"line":39,"column":45}},"25":{"start":{"line":40,"column":8},"end":{"line":40,"column":30}},"26":{"start":{"line":42,"column":8},"end":{"line":42,"column":62}},"27":{"start":{"line":43,"column":8},"end":{"line":43,"column":79}},"28":{"start":{"line":48,"column":0},"end":{"line":61,"column":3}},"29":{"start":{"line":49,"column":42},"end":{"line":49,"column":50}},"30":{"start":{"line":51,"column":4},"end":{"line":60,"column":5}},"31":{"start":{"line":52,"column":23},"end":{"line":52,"column":79}},"32":{"start":{"line":53,"column":8},"end":{"line":55,"column":9}},"33":{"start":{"line":54,"column":12},"end":{"line":54,"column":101}},"34":{"start":{"line":56,"column":8},"end":{"line":56,"column":72}},"35":{"start":{"line":58,"column":8},"end":{"line":58,"column":57}},"36":{"start":{"line":59,"column":8},"end":{"line":59,"column":82}},"37":{"start":{"line":64,"column":0},"end":{"line":89,"column":3}},"38":{"start":{"line":65,"column":29},"end":{"line":65,"column":37}},"39":{"start":{"line":67,"column":4},"end":{"line":67,"column":68}},"40":{"start":{"line":69,"column":4},"end":{"line":88,"column":7}},"41":{"start":{"line":77,"column":8},"end":{"line":77,"column":49}},"42":{"start":{"line":78,"column":8},"end":{"line":78,"column":81}},"43":{"start":{"line":81,"column":8},"end":{"line":81,"column":60}},"44":{"start":{"line":83,"column":8},"end":{"line":85,"column":9}},"45":{"start":{"line":84,"column":12},"end":{"line":84,"column":68}},"46":{"start":{"line":87,"column":8},"end":{"line":87,"column":101}},"47":{"start":{"line":91,"column":0},"end":{"line":91,"column":24}}},"fnMap":{"0":{"name":"(anonymous_0)","decl":{"start":{"line":11,"column":17},"end":{"line":11,"column":18}},"loc":{"start":{"line":11,"column":37},"end":{"line":20,"column":1}},"line":11},"1":{"name":"(anonymous_1)","decl":{"start":{"line":23,"column":19},"end":{"line":23,"column":20}},"loc":{"start":{"line":23,"column":39},"end":{"line":34,"column":1}},"line":23},"2":{"name":"(anonymous_2)","decl":{"start":{"line":37,"column":16},"end":{"line":37,"column":17}},"loc":{"start":{"line":37,"column":36},"end":{"line":45,"column":1}},"line":37},"3":{"name":"(anonymous_3)","decl":{"start":{"line":48,"column":23},"end":{"line":48,"column":24}},"loc":{"start":{"line":48,"column":43},"end":{"line":61,"column":1}},"line":48},"4":{"name":"(anonymous_4)","decl":{"start":{"line":64,"column":22},"end":{"line":64,"column":23}},"loc":{"start":{"line":64,"column":36},"end":{"line":89,"column":1}},"line":64},"5":{"name":"(anonymous_5)","decl":{"start":{"line":76,"column":10},"end":{"line":76,"column":11}},"loc":{"start":{"line":76,"column":22},"end":{"line":79,"column":5}},"line":76},"6":{"name":"(anonymous_6)","decl":{"start":{"line":80,"column":11},"end":{"line":80,"column":12}},"loc":{"start":{"line":80,"column":20},"end":{"line":88,"column":5}},"line":80}},"branchMap":{"0":{"loc":{"start":{"line":26,"column":8},"end":{"line":28,"column":9}},"type":"if","locations":[{"start":{"line":26,"column":8},"end":{"line":28,"column":9}},{"start":{},"end":{}}],"line":26},"1":{"loc":{"start":{"line":53,"column":8},"end":{"line":55,"column":9}},"type":"if","locations":[{"start":{"line":53,"column":8},"end":{"line":55,"column":9}},{"start":{},"end":{}}],"line":53},"2":{"loc":{"start":{"line":83,"column":8},"end":{"line":85,"column":9}},"type":"if","locations":[{"start":{"line":83,"column":8},"end":{"line":85,"column":9}},{"start":{},"end":{}}],"line":83}},"s":{"0":2,"1":2,"2":2,"3":2,"4":2,"5":2,"6":2,"7":2,"8":0,"9":0,"10":0,"11":0,"12":0,"13":0,"14":2,"15":0,"16":0,"17":0,"18":0,"19":0,"20":0,"21":0,"22":2,"23":0,"24":0,"25":0,"26":0,"27":0,"28":2,"29":0,"30":0,"31":0,"32":0,"33":0,"34":0,"35":0,"36":0,"37":2,"38":0,"39":0,"40":0,"41":0,"42":0,"43":0,"44":0,"45":0,"46":0,"47":2},"f":{"0":0,"1":0,"2":0,"3":0,"4":0,"5":0,"6":0},"b":{"0":[0,0],"1":[0,0],"2":[0,0]},"_coverageSchema":"1a1c01bbd47fc00a2c39e90264f33305004495a9","hash":"0115606f716deb7ba394e048f1acfb311122c9a0"}
,"/home/maya/dbwebb-kurser/jsramverk/backend/routes/users.js": {"path":"/home/maya/dbwebb-kurser/jsramverk/backend/routes/users.js","statementMap":{"0":{"start":{"line":1,"column":16},"end":{"line":1,"column":34}},"1":{"start":{"line":2,"column":14},"end":{"line":2,"column":43}},"2":{"start":{"line":4,"column":15},"end":{"line":4,"column":31}},"3":{"start":{"line":6,"column":0},"end":{"line":6,"column":68}},"4":{"start":{"line":6,"column":30},"end":{"line":6,"column":66}},"5":{"start":{"line":7,"column":0},"end":{"line":11,"column":3}},"6":{"start":{"line":7,"column":33},"end":{"line":11,"column":1}},"7":{"start":{"line":13,"column":0},"end":{"line":13,"column":24}}},"fnMap":{"0":{"name":"(anonymous_0)","decl":{"start":{"line":6,"column":16},"end":{"line":6,"column":17}},"loc":{"start":{"line":6,"column":30},"end":{"line":6,"column":66}},"line":6},"1":{"name":"(anonymous_1)","decl":{"start":{"line":7,"column":19},"end":{"line":7,"column":20}},"loc":{"start":{"line":7,"column":33},"end":{"line":11,"column":1}},"line":7}},"branchMap":{},"s":{"0":2,"1":2,"2":2,"3":2,"4":0,"5":2,"6":0,"7":2},"f":{"0":0,"1":0},"b":{},"_coverageSchema":"1a1c01bbd47fc00a2c39e90264f33305004495a9","hash":"f48dba21a5861498d77ef37a1e17107ebd558a37"}
}
