TN:
SF:app.js
FN:29,(anonymous_0)
FN:33,(anonymous_1)
FN:39,(anonymous_2)
FN:47,(anonymous_3)
FN:55,(anonymous_4)
FN:83,(anonymous_5)
FNF:6
FNH:1
FNDA:0,(anonymous_0)
FNDA:0,(anonymous_1)
FNDA:0,(anonymous_2)
FNDA:0,(anonymous_3)
FNDA:0,(anonymous_4)
FNDA:2,(anonymous_5)
DA:1,2
DA:2,2
DA:3,2
DA:4,2
DA:5,2
DA:7,2
DA:8,2
DA:9,2
DA:10,2
DA:11,2
DA:12,2
DA:14,2
DA:15,2
DA:17,2
DA:18,2
DA:21,2
DA:29,2
DA:30,0
DA:33,0
DA:34,0
DA:35,0
DA:39,0
DA:40,0
DA:42,0
DA:47,0
DA:48,0
DA:51,0
DA:55,0
DA:56,0
DA:61,2
DA:62,2
DA:64,2
DA:65,2
DA:68,2
DA:69,0
DA:72,2
DA:73,2
DA:76,2
DA:78,2
DA:79,2
DA:80,2
DA:81,2
DA:83,2
DA:85,2
DA:87,2
LF:45
LH:32
BRDA:68,0,0,0
BRDA:68,0,1,2
BRF:2
BRH:1
end_of_record
TN:
SF:database.js
FN:5,getDb
FNF:1
FNH:1
FNDA:2,getDb
DA:1,2
DA:2,2
DA:4,2
DA:6,2
DA:8,2
DA:9,2
DA:12,2
DA:20,2
DA:21,2
DA:23,2
DA:30,2
LF:11
LH:11
BRDA:8,0,0,2
BRDA:8,0,1,0
BRF:2
BRH:1
end_of_record
TN:
SF:docs.js
FN:5,getAll
FN:19,getOne
FN:33,addOne
FN:52,updateOne
FNF:4
FNH:4
FNDA:3,getAll
FNDA:1,getOne
FNDA:1,addOne
FNDA:1,updateOne
DA:1,3
DA:2,3
DA:4,3
DA:6,3
DA:8,3
DA:9,3
DA:11,0
DA:13,0
DA:15,1
DA:20,1
DA:22,1
DA:23,1
DA:25,0
DA:27,0
DA:29,1
DA:34,1
DA:36,1
DA:37,1
DA:43,1
DA:45,0
DA:46,0
DA:48,1
DA:53,1
DA:54,1
DA:55,1
DA:59,1
DA:61,1
DA:66,3
LF:28
LH:22
BRF:0
BRH:0
end_of_record
TN:
SF:models/auth.js
FN:13,(anonymous_0)
FN:33,(anonymous_1)
FN:66,(anonymous_2)
FN:100,(anonymous_3)
FN:129,(anonymous_4)
FN:150,(anonymous_5)
FN:185,(anonymous_6)
FN:210,(anonymous_7)
FN:235,(anonymous_8)
FN:264,(anonymous_9)
FN:298,(anonymous_10)
FN:314,(anonymous_11)
FNF:12
FNH:0
FNDA:0,(anonymous_0)
FNDA:0,(anonymous_1)
FNDA:0,(anonymous_2)
FNDA:0,(anonymous_3)
FNDA:0,(anonymous_4)
FNDA:0,(anonymous_5)
FNDA:0,(anonymous_6)
FNDA:0,(anonymous_7)
FNDA:0,(anonymous_8)
FNDA:0,(anonymous_9)
FNDA:0,(anonymous_10)
FNDA:0,(anonymous_11)
DA:1,1
DA:2,1
DA:3,1
DA:4,1
DA:5,1
DA:6,1
DA:7,1
DA:9,1
DA:10,1
DA:12,1
DA:14,0
DA:15,0
DA:18,0
DA:19,0
DA:22,0
DA:23,0
DA:26,0
DA:27,0
DA:30,0
DA:34,0
DA:35,0
DA:37,0
DA:39,0
DA:41,0
DA:42,0
DA:43,0
DA:46,0
DA:55,0
DA:67,0
DA:71,0
DA:72,0
DA:73,0
DA:75,0
DA:78,0
DA:79,0
DA:81,0
DA:83,0
DA:85,0
DA:86,0
DA:88,0
DA:91,0
DA:93,0
DA:94,0
DA:96,0
DA:101,0
DA:102,0
DA:106,0
DA:107,0
DA:109,0
DA:111,0
DA:112,0
DA:120,0
DA:122,0
DA:123,0
DA:125,0
DA:130,0
DA:132,0
DA:133,0
DA:135,0
DA:137,0
DA:139,0
DA:141,0
DA:142,0
DA:144,0
DA:146,0
DA:151,0
DA:152,0
DA:154,0
DA:155,0
DA:157,0
DA:159,0
DA:161,0
DA:162,0
DA:164,0
DA:170,0
DA:172,0
DA:175,0
DA:181,0
DA:186,0
DA:187,0
DA:189,0
DA:191,0
DA:196,0
DA:198,0
DA:204,0
DA:206,0
DA:211,0
DA:212,0
DA:213,0
DA:215,0
DA:216,0
DA:228,0
DA:229,0
DA:231,0
DA:232,0
DA:234,0
DA:235,0
DA:237,0
DA:238,0
DA:242,0
DA:251,0
DA:260,0
DA:265,0
DA:266,0
DA:268,0
DA:269,0
DA:277,0
DA:287,0
DA:299,0
DA:300,0
DA:301,0
DA:303,0
DA:304,0
DA:314,0
DA:315,0
DA:316,0
DA:326,0
DA:327,0
DA:329,0
DA:330,0
DA:332,0
DA:333,0
DA:338,0
DA:340,0
DA:348,0
DA:357,0
DA:370,1
LF:127
LH:11
BRDA:14,0,0,0
BRDA:14,0,1,0
BRDA:18,1,0,0
BRDA:18,1,1,0
BRDA:22,2,0,0
BRDA:22,2,1,0
BRDA:26,3,0,0
BRDA:26,3,1,0
BRDA:30,4,0,0
BRDA:30,4,1,0
BRDA:37,5,0,0
BRDA:37,5,1,0
BRDA:41,6,0,0
BRDA:41,6,1,0
BRDA:71,7,0,0
BRDA:71,7,1,0
BRDA:71,8,0,0
BRDA:71,8,1,0
BRDA:85,9,0,0
BRDA:85,9,1,0
BRDA:111,10,0,0
BRDA:111,10,1,0
BRDA:161,11,0,0
BRDA:161,11,1,0
BRDA:215,12,0,0
BRDA:215,12,1,0
BRDA:215,13,0,0
BRDA:215,13,1,0
BRDA:234,14,0,0
BRDA:234,14,1,0
BRDA:237,15,0,0
BRDA:237,15,1,0
BRDA:268,16,0,0
BRDA:268,16,1,0
BRDA:303,17,0,0
BRDA:303,17,1,0
BRDA:303,18,0,0
BRDA:303,18,1,0
BRDA:315,19,0,0
BRDA:315,19,1,0
BRDA:332,20,0,0
BRDA:332,20,1,0
BRF:42
BRH:0
end_of_record
TN:
SF:models/data.js
FN:5,(anonymous_0)
FN:25,(anonymous_1)
FN:46,(anonymous_2)
FN:88,(anonymous_3)
FN:110,(anonymous_4)
FN:116,(anonymous_5)
FN:161,(anonymous_6)
FNF:7
FNH:0
FNDA:0,(anonymous_0)
FNDA:0,(anonymous_1)
FNDA:0,(anonymous_2)
FNDA:0,(anonymous_3)
FNDA:0,(anonymous_4)
FNDA:0,(anonymous_5)
FNDA:0,(anonymous_6)
DA:1,2
DA:2,2
DA:4,2
DA:8,0
DA:9,0
DA:11,0
DA:16,0
DA:23,0
DA:25,0
DA:26,0
DA:27,0
DA:31,0
DA:33,0
DA:42,0
DA:47,0
DA:48,0
DA:51,0
DA:52,0
DA:54,0
DA:55,0
DA:63,0
DA:65,0
DA:71,0
DA:72,0
DA:75,0
DA:84,0
DA:89,0
DA:90,0
DA:91,0
DA:92,0
DA:95,0
DA:96,0
DA:98,0
DA:99,0
DA:100,0
DA:102,0
DA:103,0
DA:104,0
DA:108,0
DA:110,0
DA:111,0
DA:113,0
DA:114,0
DA:116,0
DA:117,0
DA:119,0
DA:120,0
DA:123,0
DA:126,0
DA:129,0
DA:132,0
DA:134,0
DA:136,0
DA:138,0
DA:147,0
DA:150,0
DA:162,0
DA:163,0
DA:165,0
DA:169,0
DA:179,0
DA:180,0
DA:182,0
DA:184,0
DA:186,0
DA:195,0
DA:198,0
DA:210,2
LF:68
LH:4
BRDA:26,0,0,0
BRDA:26,0,1,0
BRDA:71,1,0,0
BRDA:71,1,1,0
BRDA:89,2,0,0
BRDA:89,2,1,0
BRDA:103,3,0,0
BRDA:103,3,1,0
BRDA:113,4,0,0
BRDA:113,4,1,0
BRDA:119,5,0,0
BRDA:119,5,1,0
BRDA:162,6,0,0
BRDA:162,6,1,0
BRF:14
BRH:0
end_of_record
TN:
SF:models/users.js
FN:4,(anonymous_0)
FN:18,(anonymous_1)
FNF:2
FNH:2
FNDA:2,(anonymous_0)
FNDA:2,(anonymous_1)
DA:1,3
DA:3,3
DA:7,2
DA:8,2
DA:10,2
DA:11,2
DA:13,2
DA:15,1
DA:17,1
DA:18,1
DA:19,2
DA:23,1
DA:27,1
DA:36,2
DA:41,3
LF:15
LH:15
BRDA:17,0,0,1
BRDA:17,0,1,0
BRF:2
BRH:1
end_of_record
TN:
SF:routes/auth.js
FN:6,(anonymous_0)
FN:15,(anonymous_1)
FN:28,(anonymous_2)
FN:38,(anonymous_3)
FN:53,(anonymous_4)
FN:54,(anonymous_5)
FN:56,(anonymous_6)
FNF:7
FNH:4
FNDA:0,(anonymous_0)
FNDA:1,(anonymous_1)
FNDA:0,(anonymous_2)
FNDA:1,(anonymous_3)
FNDA:1,(anonymous_4)
FNDA:0,(anonymous_5)
FNDA:1,(anonymous_6)
DA:1,3
DA:2,3
DA:4,3
DA:6,3
DA:7,0
DA:12,0
DA:15,3
DA:16,1
DA:17,1
DA:20,0
DA:25,0
DA:28,3
DA:29,0
DA:35,0
DA:38,3
DA:39,1
DA:41,1
DA:44,0
DA:50,0
DA:53,3
DA:54,3
DA:56,3
DA:57,1
DA:60,3
LF:24
LH:16
BRDA:16,0,0,1
BRDA:16,0,1,0
BRDA:16,1,0,1
BRDA:16,1,1,1
BRDA:39,2,0,1
BRDA:39,2,1,0
BRDA:39,3,0,1
BRDA:39,3,1,1
BRDA:39,3,2,1
BRDA:39,3,3,1
BRF:10
BRH:8
end_of_record
TN:
SF:routes/data.js
FN:8,(anonymous_0)
FN:9,(anonymous_1)
FN:13,(anonymous_2)
FN:14,(anonymous_3)
FN:18,(anonymous_4)
FN:19,(anonymous_5)
FN:23,(anonymous_6)
FN:24,(anonymous_7)
FNF:8
FNH:0
FNDA:0,(anonymous_0)
FNDA:0,(anonymous_1)
FNDA:0,(anonymous_2)
FNDA:0,(anonymous_3)
FNDA:0,(anonymous_4)
FNDA:0,(anonymous_5)
FNDA:0,(anonymous_6)
FNDA:0,(anonymous_7)
DA:1,2
DA:2,2
DA:3,2
DA:5,2
DA:7,2
DA:8,0
DA:9,0
DA:12,2
DA:13,0
DA:14,0
DA:17,2
DA:18,0
DA:19,0
DA:22,2
DA:23,0
DA:24,0
DA:27,2
LF:17
LH:9
BRF:0
BRH:0
end_of_record
TN:
SF:routes/posts.js
FN:11,(anonymous_0)
FN:23,(anonymous_1)
FN:37,(anonymous_2)
FN:48,(anonymous_3)
FN:64,(anonymous_4)
FN:76,(anonymous_5)
FN:80,(anonymous_6)
FNF:7
FNH:0
FNDA:0,(anonymous_0)
FNDA:0,(anonymous_1)
FNDA:0,(anonymous_2)
FNDA:0,(anonymous_3)
FNDA:0,(anonymous_4)
FNDA:0,(anonymous_5)
FNDA:0,(anonymous_6)
DA:1,2
DA:2,2
DA:3,2
DA:4,2
DA:5,2
DA:7,2
DA:8,2
DA:11,2
DA:12,0
DA:13,0
DA:14,0
DA:15,0
DA:17,0
DA:18,0
DA:23,2
DA:24,0
DA:25,0
DA:26,0
DA:27,0
DA:29,0
DA:31,0
DA:32,0
DA:37,2
DA:38,0
DA:39,0
DA:40,0
DA:42,0
DA:43,0
DA:48,2
DA:49,0
DA:51,0
DA:52,0
DA:53,0
DA:54,0
DA:56,0
DA:58,0
DA:59,0
DA:64,2
DA:65,0
DA:67,0
DA:69,0
DA:77,0
DA:78,0
DA:81,0
DA:83,0
DA:84,0
DA:87,0
DA:91,2
LF:48
LH:13
BRDA:26,0,0,0
BRDA:26,0,1,0
BRDA:53,1,0,0
BRDA:53,1,1,0
BRDA:83,2,0,0
BRDA:83,2,1,0
BRF:6
BRH:0
end_of_record
TN:
SF:routes/users.js
FN:6,(anonymous_0)
FN:7,(anonymous_1)
FNF:2
FNH:0
FNDA:0,(anonymous_0)
FNDA:0,(anonymous_1)
DA:1,2
DA:2,2
DA:4,2
DA:6,2
DA:7,2
DA:13,2
LF:6
LH:6
BRF:0
BRH:0
end_of_record
